2012-10-19 17:17:22
SQL:
insert into bf_memberfields(`uid`,`credits`,`money`) values('3','0','0')
message:
Duplicate entry '3' for key 1

2012-10-19 17:20:39
SQL:
insert into bf_memberfields(`uid`,`credits`,`money`) values('4','0','0')
message:
Duplicate entry '4' for key 1

2012-10-19 17:31:09
SQL:
insert into bf_memberfields(`uid`,`credits`,`money`) values('6','0','0')
message:
Duplicate entry '6' for key 1

2012-10-19 17:37:25
SQL:
insert into bf_memberfields(`uid`,`credits`,`money`) values('7','0','0')
message:
Duplicate entry '7' for key 1

