2012-10-23 06:53:22
SQL:

message:
Access denied for user 'root'@'localhost' (using password: YES)

2012-10-23 06:56:50
SQL:

message:
Access denied for user 'a0904230607'@'localhost' (using password: YES)

2012-10-23 06:56:54
SQL:

message:
Access denied for user 'a0904230607'@'localhost' (using password: YES)

2012-10-23 06:57:09
SQL:

message:
Access denied for user 'a0904230607'@'localhost' (using password: YES)

2012-10-23 07:06:47
SQL:

message:
Can't connect to MySQL server on '103.4.225.212' (10060)

2012-10-23 07:06:56
SQL:

message:
Can't connect to MySQL server on '103.4.225.212' (10060)

2012-10-23 07:07:06
SQL:

message:
Can't connect to MySQL server on '103.4.225.212' (10060)

2012-10-23 07:07:15
SQL:

message:
Can't connect to MySQL server on '103.4.225.212' (10060)

2012-10-23 07:07:25
SQL:

message:
Can't connect to MySQL server on '103.4.225.212' (10060)

2012-10-23 07:07:31
SQL:

message:
Can't connect to MySQL server on '103.4.225.212' (10060)

2012-10-23 20:35:36
SQL:

message:
Access denied for user 'a1013065001'@'76.73.80.26' (using password: YES)

