2014-02-10 17:50:30
SQL:
select id from bf_members where `id`='75' and `password`='1a34f19a1078b33f837d8e1ab91b20bc'
message:
No database selected

2014-02-10 17:53:46
SQL:
select count(*) from bf_shops where status='0'
message:
No database selected

2014-02-10 17:56:36
SQL:
select count(*) from bf_shops where status='0'
message:
Table 'test1.bf_shops' doesn't exist

2014-02-10 17:59:07
SQL:
select count(*) from bf_shops where status='0'
message:
Table 'test1.bf_shops' doesn't exist

2014-02-10 17:59:09
SQL:
select count(*) from bf_shops where status='0'
message:
Table 'test1.bf_shops' doesn't exist

2014-02-10 18:03:25
SQL:
select id,username,password,salt,questionid,answer,last_login_ip,log_count from bf_members where username='wulanyang' limit 1
message:
Unknown column 'log_count' in 'field list'

2014-02-10 18:49:29
SQL:
select id,username,password,salt,questionid,answer,last_login_ip,log_count from bf_members where username='abc123' limit 1
message:
Unknown column 'log_count' in 'field list'

2014-02-10 18:49:39
SQL:
select id,username,password,salt,questionid,answer,last_login_ip,log_count from bf_members where username='wulanyang' limit 1
message:
Unknown column 'log_count' in 'field list'

