2014-02-24 22:38:37
SQL:
select id from bf_collect order by sc_atime limit 0,20
message:
Unknown column 'sc_atime' in 'order clause'

2014-02-24 22:38:38
SQL:
select id from bf_collect order by sc_atime limit 0,20
message:
Unknown column 'sc_atime' in 'order clause'

2014-02-24 22:38:39
SQL:
select id from bf_collect order by sc_atime limit 0,20
message:
Unknown column 'sc_atime' in 'order clause'

2014-02-24 22:38:40
SQL:
select id from bf_collect order by sc_atime limit 0,20
message:
Unknown column 'sc_atime' in 'order clause'

2014-02-24 22:38:41
SQL:
select id from bf_collect order by sc_atime limit 0,20
message:
Unknown column 'sc_atime' in 'order clause'

2014-02-24 22:38:41
SQL:
select id from bf_collect order by sc_atime limit 0,20
message:
Unknown column 'sc_atime' in 'order clause'

2014-02-24 22:38:42
SQL:
select id from bf_collect order by sc_atime limit 0,20
message:
Unknown column 'sc_atime' in 'order clause'

2014-02-24 22:38:43
SQL:
select id from bf_collect order by sc_atime limit 0,20
message:
Unknown column 'sc_atime' in 'order clause'

2014-02-24 22:53:58
SQL:
insert into bf_collect(`days`,`url`,`ips`,`uid`,`user_name`,`user_tname`,`user_tel`,`user_qq`,`price`,`atime`,`cs_ip`) values('7','http://item.taobao.com/item.htm?id=36034444449','6000','54','wulanyang','吴海波','13208589591','3873761','80.8','1393253638','2025908070')
message:
Unknown column 'days' in 'field list'

