2013-11-01 08:41:13
SQL:
select count(*) from bf_topup where timestamp>=1383753600 and timestamp<=1383580799 and uid='54'
message:
Unknown column 'timestamp' in 'where clause'

2013-11-01 08:42:21
SQL:
select count(*) from bf_topup where timestamp>=1384358400 and timestamp<=1383753599 and uid='54'
message:
Unknown column 'timestamp' in 'where clause'

2013-11-01 08:42:38
SQL:
select count(*) from bf_topup where timestamp>=1384185600 and timestamp<=1383494399 and uid='54'
message:
Unknown column 'timestamp' in 'where clause'

2013-11-01 08:42:49
SQL:
select count(*) from bf_topup where timestamp>=1380556800 and timestamp<=1380643199 and uid='54'
message:
Unknown column 'timestamp' in 'where clause'

2013-11-01 08:47:15
SQL:
select count(*) from bf_topup where timestamp>=1380556800 and timestamp<=1380643199 and uid='54'
message:
Unknown column 'timestamp' in 'where clause'

2013-11-01 09:02:44
SQL:
select count(*) from bf_topup where timestamp>=1383235200 and timestamp<=1384531199 and uid='54'
message:
Unknown column 'timestamp' in 'where clause'

2013-11-01 09:03:07
SQL:
select count(*) from bf_topup where timestamp>=1384790400 and timestamp<=1385654399 and uid='54'
message:
Unknown column 'timestamp' in 'where clause'

2013-11-01 09:09:24
SQL:
select count(*) from bf_topup where timestamp>=1383408000 and timestamp<=1385654399 and uid='54' and uid='54'
message:
Unknown column 'timestamp' in 'where clause'

2013-11-01 09:09:28
SQL:
select count(*) from bf_log_member where type='money' and uid='54' and uid='54'
message:
Unknown column 'type' in 'where clause'

2013-11-01 09:09:35
SQL:
select count(*) from bf_log_member where type='money' and uid='54' and uid='54'
message:
Unknown column 'type' in 'where clause'

2013-11-01 09:09:54
SQL:
select count(*) from bf_log_member where type='money' and uid='54' and uid='54'
message:
Unknown column 'type' in 'where clause'

2013-11-01 09:09:58
SQL:
select count(*) from bf_log_member where type='fabudian' and uid='54' and uid='54'
message:
Unknown column 'type' in 'where clause'

2013-11-01 09:11:34
SQL:
select count(*) from bf_log_member where type='money' and uid='54'
message:
Unknown column 'type' in 'where clause'

2013-11-01 09:13:03
SQL:
select count(*) from bf_topup where timestamp>=1383235200 and timestamp<=1383321599 and uid='54'
message:
Unknown column 'timestamp' in 'where clause'

2013-11-01 09:30:03
SQL:
select count(*) from bf_topup where timestamp>=1380556800 and timestamp<=1380643199 and uid='54'
message:
Unknown column 'timestamp' in 'where clause'

2013-11-01 09:32:07
SQL:
select count(*) from bf_topup where timestamp>=1383235200 and timestamp<=1383321599 and uid='54'
message:
Unknown column 'timestamp' in 'where clause'

2013-11-01 09:42:33
SQL:
select count(*) from bf_topup where timestamp>=1383235200 and timestamp<=1383321599 and uid='54'
message:
Unknown column 'timestamp' in 'where clause'

2013-11-01 09:44:19
SQL:
select count(*) from bf_topup where timestamp>=1383235200 and timestamp<=1383321599 and uid='54'
message:
Unknown column 'timestamp' in 'where clause'

2013-11-01 09:44:48
SQL:
select count(*) from bf_log where ptimestamp>=1383235200 and ptimestamp<=1383321599 and uid='54'
message:
Unknown column 'ptimestamp' in 'where clause'

2013-11-01 09:45:03
SQL:
select count(*) from bf_topup where timestamp>=1383235200 and timestamp<=1383321599 and uid='54'
message:
Unknown column 'timestamp' in 'where clause'

2013-11-01 09:45:05
SQL:
select count(*) from bf_topup where timestamp>=1383235200 and timestamp<=1383321599 and uid='54'
message:
Unknown column 'timestamp' in 'where clause'

2013-11-01 09:45:05
SQL:
select count(*) from bf_topup where timestamp>=1383235200 and timestamp<=1383321599 and uid='54'
message:
Unknown column 'timestamp' in 'where clause'

2013-11-01 09:46:03
SQL:
select count(*) from bf_topup where timestamp>=1383235200 and timestamp<=1383321599 and uid='54'
message:
Unknown column 'timestamp' in 'where clause'

2013-11-01 09:50:30
SQL:
select count(*) from bf_topup where timestamp>=1383235200 and timestamp<=1383321599 and uid='54'
message:
Unknown column 'timestamp' in 'where clause'

2013-11-01 09:51:23
SQL:
select count(*) from bf_member where timestamp>=1383235200 and timestamp<=1383321599 and uid='54'
message:
Table 'test1.bf_member' doesn't exist

2013-11-01 09:52:17
SQL:
select count(*) from bf_members where timestamp>=1383235200 and timestamp<=1383321599 and uid='54'
message:
Unknown column 'timestamp' in 'where clause'

2013-11-01 09:55:21
SQL:
select count(*) from bf_topup where timestamp>=1383235200 and timestamp<=1383321599 and uid='54'
message:
Unknown column 'timestamp' in 'where clause'

2013-11-01 09:56:36
SQL:
select count(*) from bf_topup where timestamp>=1383235200 and timestamp<=1383321599 and uid='54'
message:
Unknown column 'timestamp' in 'where clause'

2013-11-01 10:02:10
SQL:
select count(*) from bf_log_member where uid='54' and type='money'
message:
Unknown column 'type' in 'where clause'

2013-11-01 10:02:41
SQL:
select count(*) from bf_log_member where uid='54' and type='money'
message:
Unknown column 'type' in 'where clause'

2013-11-01 10:05:15
SQL:
select count(*) from bf_log_member where uid='54' and type='money' and uid='54'
message:
Unknown column 'type' in 'where clause'

2013-11-01 10:05:18
SQL:
select count(*) from bf_log_member where uid='54' and type='money' and uid='54'
message:
Unknown column 'type' in 'where clause'

2013-11-01 10:05:19
SQL:
select count(*) from bf_log_member where uid='54' and type='money' and uid='54'
message:
Unknown column 'type' in 'where clause'

2013-11-01 10:05:19
SQL:
select count(*) from bf_log_member where uid='54' and type='money' and uid='54'
message:
Unknown column 'type' in 'where clause'

2013-11-01 10:05:20
SQL:
select count(*) from bf_log_member where uid='54' and type='money' and uid='54'
message:
Unknown column 'type' in 'where clause'

2013-11-01 10:05:20
SQL:
select count(*) from bf_log_member where uid='54' and type='money' and uid='54'
message:
Unknown column 'type' in 'where clause'

2013-11-01 10:05:20
SQL:
select count(*) from bf_log_member where uid='54' and type='money' and uid='54'
message:
Unknown column 'type' in 'where clause'

2013-11-01 10:07:11
SQL:
select count(*) from bf_log_member where uid='54' and type='money' and uid='54'
message:
Unknown column 'type' in 'where clause'

2013-11-01 10:07:14
SQL:
select count(*) from bf_log_member where uid='54' and type='money' and uid='54'
message:
Unknown column 'type' in 'where clause'

2013-11-01 10:07:14
SQL:
select count(*) from bf_log_member where uid='54' and type='money' and uid='54'
message:
Unknown column 'type' in 'where clause'

2013-11-01 10:07:14
SQL:
select count(*) from bf_log_member where uid='54' and type='money' and uid='54'
message:
Unknown column 'type' in 'where clause'

2013-11-01 10:08:39
SQL:
select count(*) from bf_log_member where type='money' and uid='54'
message:
Unknown column 'type' in 'where clause'

2013-11-01 10:08:41
SQL:
select count(*) from bf_log_member where type='money' and uid='54'
message:
Unknown column 'type' in 'where clause'

2013-11-01 10:11:58
SQL:
select count(*) from bf_log_member where uid='54' and type='money'
message:
Unknown column 'type' in 'where clause'

2013-11-01 10:12:00
SQL:
select count(*) from bf_log_member where uid='54' and type='money'
message:
Unknown column 'type' in 'where clause'

2013-11-01 10:12:01
SQL:
select count(*) from bf_log_member where uid='54' and type='money'
message:
Unknown column 'type' in 'where clause'

2013-11-01 10:15:19
SQL:
select count(*) from bf_topup where timestamp>=1383321600 and timestamp<=1383494399 and uid='54'
message:
Unknown column 'timestamp' in 'where clause'

