2014-05-31 17:53:04
SQL:
select count(*) from bf_shops where status='0'
message:
No database selected

2014-05-31 18:05:05
SQL:
select count(*) from bf_shops where status='0'
message:
No database selected

2014-05-31 18:05:06
SQL:
select count(*) from bf_shops where status='0'
message:
No database selected

2014-05-31 18:08:09
SQL:
select count(*) from bf_shops where status='0'
message:
Table 'damaihu.bf_shops' doesn't exist

2014-05-31 18:08:11
SQL:
select count(*) from bf_shops where status='0'
message:
Table 'damaihu.bf_shops' doesn't exist

2014-05-31 18:08:11
SQL:
select count(*) from bf_shops where status='0'
message:
Table 'damaihu.bf_shops' doesn't exist

2014-05-31 18:08:11
SQL:
select count(*) from bf_shops where status='0'
message:
Table 'damaihu.bf_shops' doesn't exist

2014-05-31 18:08:12
SQL:
select count(*) from bf_shops where status='0'
message:
Table 'damaihu.bf_shops' doesn't exist

2014-05-31 18:08:12
SQL:
select count(*) from bf_shops where status='0'
message:
Table 'damaihu.bf_shops' doesn't exist

