2013-10-14 13:15:05
SQL:
select count(*) from bf_log_member where type='fabudian' and uid='54'
message:
Unknown column 'type' in 'where clause'

2013-10-14 13:17:16
SQL:
select count(*) from bf_log_member where type='fabudian' and uid='54'
message:
Unknown column 'type' in 'where clause'

2013-10-14 13:17:19
SQL:
select count(*) from bf_log_member where type='fabudian' and uid='54'
message:
Unknown column 'type' in 'where clause'

2013-10-14 13:17:20
SQL:
select count(*) from bf_log_member where type='fabudian' and uid='54'
message:
Unknown column 'type' in 'where clause'

2013-10-14 13:17:24
SQL:
select count(*) from bf_log_member where type='credits' and uid='54'
message:
Unknown column 'type' in 'where clause'

2013-10-14 13:23:18
SQL:
select count(*) from bf_log_member where type='money' and uid='54'
message:
Unknown column 'type' in 'where clause'

2013-10-14 13:23:24
SQL:
select count(*) from bf_log_member where type='money' and uid='54'
message:
Unknown column 'type' in 'where clause'

2013-10-14 13:23:25
SQL:
select count(*) from bf_log_member where type='money' and uid='54'
message:
Unknown column 'type' in 'where clause'

2013-10-14 13:23:26
SQL:
select count(*) from bf_log_member where type='money' and uid='54'
message:
Unknown column 'type' in 'where clause'

2013-10-14 13:39:43
SQL:
select count(*) from bf_log_member where type='credits' and uid='54'
message:
Unknown column 'type' in 'where clause'

2013-10-14 13:41:04
SQL:
select count(*) from bf_log_member where type='money' and uid='54'
message:
Unknown column 'type' in 'where clause'

