2013-10-29 10:15:12
SQL:
update bf_memberfields set fabudian=fabudian+ where uid='54'
message:
You have an error in your SQL syntax; check the manual that corresponds to your MySQL server version for the right syntax to use near 'where uid='54'' at line 1

2013-10-29 10:40:54
SQL:
update bf_memberfields set fabudian=fabudian+ where uid='54'
message:
You have an error in your SQL syntax; check the manual that corresponds to your MySQL server version for the right syntax to use near 'where uid='54'' at line 1

2013-10-29 17:59:08
SQL:
update bf_memberfields set fabudian=fabudian+ where uid='66'
message:
You have an error in your SQL syntax; check the manual that corresponds to your MySQL server version for the right syntax to use near 'where uid='66'' at line 1

2013-10-29 17:59:41
SQL:
update bf_memberfields set fabudian=fabudian+ where uid='66'
message:
You have an error in your SQL syntax; check the manual that corresponds to your MySQL server version for the right syntax to use near 'where uid='66'' at line 1

2013-10-29 18:02:36
SQL:
update bf_memberfields set fabudian=fabudian+ where uid='66'
message:
You have an error in your SQL syntax; check the manual that corresponds to your MySQL server version for the right syntax to use near 'where uid='66'' at line 1

2013-10-29 18:02:52
SQL:
update bf_memberfields set fabudian=fabudian+ where uid='66'
message:
You have an error in your SQL syntax; check the manual that corresponds to your MySQL server version for the right syntax to use near 'where uid='66'' at line 1

2013-10-29 18:06:03
SQL:
update bf_memberfields set fabudian=fabudian+ where uid='66'
message:
You have an error in your SQL syntax; check the manual that corresponds to your MySQL server version for the right syntax to use near 'where uid='66'' at line 1

2013-10-29 18:06:41
SQL:
update bf_memberfields set fabudian=fabudian+ where uid='66'
message:
You have an error in your SQL syntax; check the manual that corresponds to your MySQL server version for the right syntax to use near 'where uid='66'' at line 1

2013-10-29 18:11:24
SQL:
update bf_memberfields set fabudian=fabudian+ where uid='66'
message:
You have an error in your SQL syntax; check the manual that corresponds to your MySQL server version for the right syntax to use near 'where uid='66'' at line 1

2013-10-29 18:11:28
SQL:
update bf_memberfields set fabudian=fabudian+ where uid='66'
message:
You have an error in your SQL syntax; check the manual that corresponds to your MySQL server version for the right syntax to use near 'where uid='66'' at line 1

