2013-10-30 19:31:23
SQL:
update bf_memberfields set fabudian=fabudian+ where uid='54'
message:
You have an error in your SQL syntax; check the manual that corresponds to your MySQL server version for the right syntax to use near 'where uid='54'' at line 1

2013-10-30 19:31:39
SQL:
update bf_memberfields set fabudian=fabudian+ where uid='54'
message:
You have an error in your SQL syntax; check the manual that corresponds to your MySQL server version for the right syntax to use near 'where uid='54'' at line 1

2013-10-30 19:40:30
SQL:
update bf_memberfields set fabudian=fabudian+ where uid='54'
message:
You have an error in your SQL syntax; check the manual that corresponds to your MySQL server version for the right syntax to use near 'where uid='54'' at line 1

2013-10-30 19:40:34
SQL:
update bf_memberfields set fabudian=fabudian+ where uid='54'
message:
You have an error in your SQL syntax; check the manual that corresponds to your MySQL server version for the right syntax to use near 'where uid='54'' at line 1

2013-10-30 19:40:35
SQL:
update bf_memberfields set fabudian=fabudian+ where uid='54'
message:
You have an error in your SQL syntax; check the manual that corresponds to your MySQL server version for the right syntax to use near 'where uid='54'' at line 1

2013-10-30 19:40:37
SQL:
update bf_memberfields set fabudian=fabudian+ where uid='54'
message:
You have an error in your SQL syntax; check the manual that corresponds to your MySQL server version for the right syntax to use near 'where uid='54'' at line 1

2013-10-30 19:41:03
SQL:
update bf_memberfields set fabudian=fabudian+ where uid='54'
message:
You have an error in your SQL syntax; check the manual that corresponds to your MySQL server version for the right syntax to use near 'where uid='54'' at line 1

2013-10-30 19:42:08
SQL:
update bf_memberfields set fabudian=fabudian+ where uid='54'
message:
You have an error in your SQL syntax; check the manual that corresponds to your MySQL server version for the right syntax to use near 'where uid='54'' at line 1

2013-10-30 19:43:52
SQL:
update bf_memberfields set fabudian=fabudian+ where uid='54'
message:
You have an error in your SQL syntax; check the manual that corresponds to your MySQL server version for the right syntax to use near 'where uid='54'' at line 1

2013-10-30 19:43:55
SQL:
update bf_memberfields set fabudian=fabudian+ where uid='54'
message:
You have an error in your SQL syntax; check the manual that corresponds to your MySQL server version for the right syntax to use near 'where uid='54'' at line 1

2013-10-30 19:43:57
SQL:
update bf_memberfields set fabudian=fabudian+ where uid='54'
message:
You have an error in your SQL syntax; check the manual that corresponds to your MySQL server version for the right syntax to use near 'where uid='54'' at line 1

2013-10-30 19:43:58
SQL:
update bf_memberfields set fabudian=fabudian+ where uid='54'
message:
You have an error in your SQL syntax; check the manual that corresponds to your MySQL server version for the right syntax to use near 'where uid='54'' at line 1

2013-10-30 19:45:51
SQL:
update bf_memberfields set fabudian=fabudian+ where uid='54'
message:
You have an error in your SQL syntax; check the manual that corresponds to your MySQL server version for the right syntax to use near 'where uid='54'' at line 1

2013-10-30 19:45:55
SQL:
update bf_memberfields set fabudian=fabudian+ where uid='54'
message:
You have an error in your SQL syntax; check the manual that corresponds to your MySQL server version for the right syntax to use near 'where uid='54'' at line 1

2013-10-30 19:47:16
SQL:
update bf_memberfields set fabudian=fabudian+ where uid='54'
message:
You have an error in your SQL syntax; check the manual that corresponds to your MySQL server version for the right syntax to use near 'where uid='54'' at line 1

2013-10-30 19:50:15
SQL:
update bf_memberfields set fabudian=fabudian+ where uid='54'
message:
You have an error in your SQL syntax; check the manual that corresponds to your MySQL server version for the right syntax to use near 'where uid='54'' at line 1

2013-10-30 20:07:35
SQL:
update bf_memberfields set fabudian=fabudian+ where uid='54'
message:
You have an error in your SQL syntax; check the manual that corresponds to your MySQL server version for the right syntax to use near 'where uid='54'' at line 1

2013-10-30 20:07:53
SQL:
update bf_memberfields set fabudian=fabudian+ where uid='54'
message:
You have an error in your SQL syntax; check the manual that corresponds to your MySQL server version for the right syntax to use near 'where uid='54'' at line 1

2013-10-30 20:08:18
SQL:
update bf_memberfields set fabudian=fabudian+ where uid='54'
message:
You have an error in your SQL syntax; check the manual that corresponds to your MySQL server version for the right syntax to use near 'where uid='54'' at line 1

2013-10-30 20:09:25
SQL:
update bf_memberfields set fabudian=fabudian+ where uid='54'
message:
You have an error in your SQL syntax; check the manual that corresponds to your MySQL server version for the right syntax to use near 'where uid='54'' at line 1

2013-10-30 20:09:27
SQL:
update bf_memberfields set fabudian=fabudian+ where uid='54'
message:
You have an error in your SQL syntax; check the manual that corresponds to your MySQL server version for the right syntax to use near 'where uid='54'' at line 1

2013-10-30 20:09:28
SQL:
update bf_memberfields set fabudian=fabudian+ where uid='54'
message:
You have an error in your SQL syntax; check the manual that corresponds to your MySQL server version for the right syntax to use near 'where uid='54'' at line 1

2013-10-30 20:37:18
SQL:
update bf_memberfields set money=money+ where uid='54'
message:
You have an error in your SQL syntax; check the manual that corresponds to your MySQL server version for the right syntax to use near 'where uid='54'' at line 1

2013-10-30 20:37:21
SQL:
update bf_memberfields set money=money+ where uid='54'
message:
You have an error in your SQL syntax; check the manual that corresponds to your MySQL server version for the right syntax to use near 'where uid='54'' at line 1

2013-10-30 20:37:34
SQL:
update bf_memberfields set money=money+ where uid='54'
message:
You have an error in your SQL syntax; check the manual that corresponds to your MySQL server version for the right syntax to use near 'where uid='54'' at line 1

2013-10-30 20:37:48
SQL:
update bf_memberfields set money=money+ where uid='54'
message:
You have an error in your SQL syntax; check the manual that corresponds to your MySQL server version for the right syntax to use near 'where uid='54'' at line 1

