2014-03-10 17:00:41
SQL:
select count(*) from bf_members where parent='54' and status>='0'and date('Y-m-d',reg_timestamp)>=date('Y-m-d',time())
message:
You have an error in your SQL syntax; check the manual that corresponds to your MySQL server version for the right syntax to use near 'reg_timestamp)>=date('Y-m-d',time())' at line 1

2014-03-10 17:01:16
SQL:
select count(*) from bf_members where parent='54' and status>='0'and reg_timestamp>=date('Y-m-d',time())
message:
You have an error in your SQL syntax; check the manual that corresponds to your MySQL server version for the right syntax to use near 'time())' at line 1

2014-03-10 17:14:08
SQL:
select count(*) from bf_members where parent='54' and reg_timestamp>=date('Y-m-d',time())
message:
You have an error in your SQL syntax; check the manual that corresponds to your MySQL server version for the right syntax to use near 'time())' at line 1

2014-03-10 17:18:17
SQL:
select count(*) from bf_members where parent='54' and reg_timestamp>='2014-03-10 00:00:00' and reg_timestamp<='2014-03-10 17:18:17')
message:
You have an error in your SQL syntax; check the manual that corresponds to your MySQL server version for the right syntax to use near ')' at line 1

2014-03-10 17:24:34
SQL:
select count(*) from bf_members where parent='54' and reg_timestamp=<'time()'
message:
You have an error in your SQL syntax; check the manual that corresponds to your MySQL server version for the right syntax to use near '=<'time()'' at line 1

