2012-11-14 01:13:19
SQL:
select t1.id,t1.username,t1.reg_ip,t1.reg_timestamp,t1.login_ip,t1.login_timestamp,t1.seller,t2.avatar from bf_members t1 left join bf_memberfields t2 on t1.id=t2.uid limit 0,0
message:
Unknown column 't1.login_ip' in 'field list'

2012-11-14 01:13:21
SQL:
select t1.id,t1.username,t1.reg_ip,t1.reg_timestamp,t1.login_ip,t1.login_timestamp,t1.seller,t2.avatar from bf_members t1 left join bf_memberfields t2 on t1.id=t2.uid limit 0,0
message:
Unknown column 't1.login_ip' in 'field list'

2012-11-14 01:13:22
SQL:
select t1.id,t1.username,t1.reg_ip,t1.reg_timestamp,t1.login_ip,t1.login_timestamp,t1.seller,t2.avatar from bf_members t1 left join bf_memberfields t2 on t1.id=t2.uid limit 0,0
message:
Unknown column 't1.login_ip' in 'field list'

2012-11-14 01:13:23
SQL:
select t1.id,t1.username,t1.reg_ip,t1.reg_timestamp,t1.login_ip,t1.login_timestamp,t1.seller,t2.avatar from bf_members t1 left join bf_memberfields t2 on t1.id=t2.uid limit 0,0
message:
Unknown column 't1.login_ip' in 'field list'

