2014-01-17 16:37:33
SQL:
select sum(money) from bf_payment where uid='3' and state=5 limit 1
message:
Unknown column 'state' in 'where clause'

2014-01-17 16:38:11
SQL:
select count(*) from bf_payment where sum(money)
message:
Invalid use of group function

2014-01-17 16:38:38
SQL:
select sum(money) from bf_payment where uid='3' and state=5 limit 0,20
message:
Unknown column 'state' in 'where clause'

2014-01-17 16:51:29
SQL:
select sum(money) from bf_payment where uid='3' and state=5 limit 1
message:
Unknown column 'state' in 'where clause'

2014-01-17 16:51:34
SQL:
select sum(money) from bf_payment where uid='3' and state=5 limit 1
message:
Unknown column 'state' in 'where clause'

