2013-09-18 20:46:12
SQL:

message:
Can't connect to MySQL server on '113.10.166.56' (10060)

2013-09-18 20:53:48
SQL:

message:
Access denied for user 'test1'@'vps' (using password: YES)

2013-09-18 20:53:50
SQL:

message:
Access denied for user 'test1'@'vps' (using password: YES)

2013-09-18 20:53:50
SQL:

message:
Access denied for user 'test1'@'vps' (using password: YES)

2013-09-18 20:53:51
SQL:

message:
Access denied for user 'test1'@'vps' (using password: YES)

2013-09-18 20:53:51
SQL:

message:
Access denied for user 'test1'@'vps' (using password: YES)

2013-09-18 20:53:51
SQL:

message:
Access denied for user 'test1'@'vps' (using password: YES)

2013-09-18 20:53:52
SQL:

message:
Access denied for user 'test1'@'vps' (using password: YES)

2013-09-18 20:53:52
SQL:

message:
Access denied for user 'test1'@'vps' (using password: YES)

2013-09-18 20:53:52
SQL:

message:
Access denied for user 'test1'@'vps' (using password: YES)

2013-09-18 20:53:52
SQL:

message:
Access denied for user 'test1'@'vps' (using password: YES)

2013-09-18 20:53:53
SQL:

message:
Access denied for user 'test1'@'vps' (using password: YES)

2013-09-18 20:53:53
SQL:

message:
Access denied for user 'test1'@'vps' (using password: YES)

2013-09-18 20:53:54
SQL:

message:
Access denied for user 'test1'@'vps' (using password: YES)

2013-09-18 20:53:54
SQL:

message:
Access denied for user 'test1'@'vps' (using password: YES)

2013-09-18 20:53:55
SQL:

message:
Access denied for user 'test1'@'vps' (using password: YES)

2013-09-18 20:53:55
SQL:

message:
Access denied for user 'test1'@'vps' (using password: YES)

2013-09-18 20:53:56
SQL:

message:
Access denied for user 'test1'@'vps' (using password: YES)

2013-09-18 20:53:57
SQL:

message:
Access denied for user 'test1'@'vps' (using password: YES)

2013-09-18 20:53:58
SQL:

message:
Access denied for user 'test1'@'vps' (using password: YES)

2013-09-18 20:53:59
SQL:

message:
Access denied for user 'test1'@'vps' (using password: YES)

2013-09-18 20:53:59
SQL:

message:
Access denied for user 'test1'@'vps' (using password: YES)

2013-09-18 20:53:59
SQL:

message:
Access denied for user 'test1'@'vps' (using password: YES)

2013-09-18 20:54:00
SQL:

message:
Access denied for user 'test1'@'vps' (using password: YES)

2013-09-18 20:54:00
SQL:

message:
Access denied for user 'test1'@'vps' (using password: YES)

2013-09-18 20:54:00
SQL:

message:
Access denied for user 'test1'@'vps' (using password: YES)

