2012-03-14 15:55:57
SQL:
update bf_memberfields set tyroTaslAll=tyroTaskAll+'1'
message:
Unknown column 'tyroTaslAll' in 'field list'

2012-03-14 17:28:36
SQL:
SELECT t1.*,t2.uid FROM bf_cms_tyro_cate AS t0 LEFT JOIN bf_cms_tyro AS t1 ON t1.cid=t0.id LEFT JOIN bf_tyro_task_list AS t2 ON t2.tid=t1.id
message:
Table 'my.bf_cms_tyro_cate' doesn't exist

2012-03-14 17:31:39
SQL:
SELECT t1.id,t1.title,t1.jiangli,t1.jiangliData,t2.uid FROM bf_cms_tyrotask_cate AS t0 LEFT JOIN bf_cms_tyrotask AS t1 ON t1.cid=t0.id LEFT JOIN bf_(SELECT * FROM `bf_tyro_task_list` WHERE uid='3') AS t2 ON t2.tid=t1.id WHERE t0.ename='default' ORDER BY t1.sort
message:
You have an error in your SQL syntax; check the manual that corresponds to your MySQL server version for the right syntax to use near '(SELECT * FROM `bf_tyro_task_list` WHERE uid='3') AS t2 ON t2.tid=t1.id WHERE t0' at line 1

2012-03-14 17:32:08
SQL:
SELECT t1.id,t1.title,t1.jiangli,t1.jiangliData,t2.uid FROM bf_cms_tyrotask_cate AS t0 LEFT JOIN bf_cms_tyrotask AS t1 ON t1.cid=t0.id LEFT JOIN bf_(SELECT * FROM `bf_tyro_task_list` WHERE uid='3') AS t2 ON t2.tid=t1.id WHERE t0.ename='default' ORDER BY t1.sort
message:
You have an error in your SQL syntax; check the manual that corresponds to your MySQL server version for the right syntax to use near '(SELECT * FROM `bf_tyro_task_list` WHERE uid='3') AS t2 ON t2.tid=t1.id WHERE t0' at line 1

